<?xml version="1.0" encoding="UTF-8"?>
<testsuite name="io.spring.api.ArticleFavoriteApiTest" tests="2" skipped="0" failures="0" errors="0" timestamp="2025-01-19T18:15:59" hostname="Siddharthas-MacBook-Air.local" time="0.09">
  <properties/>
  <testcase name="should_unfavorite_an_article_success()" classname="io.spring.api.ArticleFavoriteApiTest" time="0.07"/>
  <testcase name="should_favorite_an_article_success()" classname="io.spring.api.ArticleFavoriteApiTest" time="0.019"/>
  <system-out><![CDATA[2025-01-19 23:45:58.784  INFO 51142 --- [    Test worker] .b.t.a.w.s.WebMvcTestContextBootstrapper : Neither @ContextConfiguration nor @ContextHierarchy found for test class [io.spring.api.ArticleFavoriteApiTest], using SpringBootContextLoader
2025-01-19 23:45:58.785  INFO 51142 --- [    Test worker] o.s.t.c.support.AbstractContextLoader    : Could not detect default resource locations for test class [io.spring.api.ArticleFavoriteApiTest]: no resource found for suffixes {-context.xml, Context.groovy}.
2025-01-19 23:45:58.785  INFO 51142 --- [    Test worker] t.c.s.AnnotationConfigContextLoaderUtils : Could not detect default configuration classes for test class [io.spring.api.ArticleFavoriteApiTest]: ArticleFavoriteApiTest does not declare any static, non-private, non-final, nested classes annotated with @Configuration.
2025-01-19 23:45:58.787  INFO 51142 --- [    Test worker] .b.t.c.SpringBootTestContextBootstrapper : Found @SpringBootConfiguration io.spring.RealWorldApplication for test class io.spring.api.ArticleFavoriteApiTest
2025-01-19 23:45:58.787  INFO 51142 --- [    Test worker] .b.t.a.w.s.WebMvcTestContextBootstrapper : Loaded default TestExecutionListener class names from location [META-INF/spring.factories]: [org.springframework.security.test.context.support.WithSecurityContextTestExecutionListener, org.springframework.security.test.context.support.ReactorContextTestExecutionListener, org.springframework.boot.test.autoconfigure.restdocs.RestDocsTestExecutionListener, org.springframework.boot.test.autoconfigure.web.client.MockRestServiceServerResetTestExecutionListener, org.springframework.boot.test.autoconfigure.web.servlet.MockMvcPrintOnlyOnFailureTestExecutionListener, org.springframework.boot.test.autoconfigure.web.servlet.WebDriverTestExecutionListener, org.springframework.boot.test.autoconfigure.webservices.client.MockWebServiceServerTestExecutionListener, org.springframework.boot.test.mock.mockito.MockitoTestExecutionListener, org.springframework.boot.test.mock.mockito.ResetMocksTestExecutionListener, org.springframework.test.context.web.ServletTestExecutionListener, org.springframework.test.context.support.DirtiesContextBeforeModesTestExecutionListener, org.springframework.test.context.event.ApplicationEventsTestExecutionListener, org.springframework.test.context.support.DependencyInjectionTestExecutionListener, org.springframework.test.context.support.DirtiesContextTestExecutionListener, org.springframework.test.context.transaction.TransactionalTestExecutionListener, org.springframework.test.context.jdbc.SqlScriptsTestExecutionListener, org.springframework.test.context.event.EventPublishingTestExecutionListener]
2025-01-19 23:45:58.788  INFO 51142 --- [    Test worker] .b.t.a.w.s.WebMvcTestContextBootstrapper : Using TestExecutionListeners: [org.springframework.test.context.web.ServletTestExecutionListener@b0ff869, org.springframework.test.context.support.DirtiesContextBeforeModesTestExecutionListener@3ae81b53, org.springframework.test.context.event.ApplicationEventsTestExecutionListener@4b9da2f0, org.springframework.boot.test.mock.mockito.MockitoTestExecutionListener@5127de08, org.springframework.boot.test.autoconfigure.SpringBootDependencyInjectionTestExecutionListener@259fb8f5, org.springframework.test.context.support.DirtiesContextTestExecutionListener@5f571d96, org.springframework.test.context.transaction.TransactionalTestExecutionListener@797bbeae, org.springframework.test.context.jdbc.SqlScriptsTestExecutionListener@1643e817, org.springframework.security.test.context.support.WithSecurityContextTestExecutionListener@4e43a23a, org.springframework.test.context.event.EventPublishingTestExecutionListener@291fbdc9, org.springframework.security.test.context.support.ReactorContextTestExecutionListener@db5e88a, org.springframework.boot.test.autoconfigure.restdocs.RestDocsTestExecutionListener@4bfaa7b, org.springframework.boot.test.autoconfigure.web.client.MockRestServiceServerResetTestExecutionListener@57be9aa4, org.springframework.boot.test.autoconfigure.web.servlet.MockMvcPrintOnlyOnFailureTestExecutionListener@31b846f, org.springframework.boot.test.autoconfigure.web.servlet.WebDriverTestExecutionListener@21c8dd3e, org.springframework.boot.test.autoconfigure.webservices.client.MockWebServiceServerTestExecutionListener@585d570e, org.springframework.boot.test.mock.mockito.ResetMocksTestExecutionListener@7b159d1b]

  .   ____          _            __ _ _
 /\\ / ___'_ __ _ _(_)_ __  __ _ \ \ \ \
( ( )\___ | '_ | '_| | '_ \/ _` | \ \ \ \
 \\/  ___)| |_)| | | | | || (_| |  ) ) ) )
  '  |____| .__|_| |_|_| |_\__, | / / / /
 =========|_|==============|___/=/_/_/_/
 :: Spring Boot ::                (v2.6.3)

2025-01-19 23:45:58.804  INFO 51142 --- [    Test worker] io.spring.api.ArticleFavoriteApiTest     : Starting ArticleFavoriteApiTest using Java 11.0.25 on Siddharthas-MacBook-Air.local with PID 51142 (started by siddhuseelam in /Users/siddhuseelam/spring-boot-realworld-example-app-1)
2025-01-19 23:45:58.804  INFO 51142 --- [    Test worker] io.spring.api.ArticleFavoriteApiTest     : No active profile set, falling back to default profiles: default
2025-01-19 23:45:59.087  INFO 51142 --- [    Test worker] .s.s.UserDetailsServiceAutoConfiguration : 

Using generated security password: 48e55ac9-8c38-4e7e-9bb7-19f136f8bb34

2025-01-19 23:45:59.133  INFO 51142 --- [    Test worker] o.s.s.web.DefaultSecurityFilterChain     : Will secure any request with [org.springframework.security.web.context.request.async.WebAsyncManagerIntegrationFilter@29478556, org.springframework.security.web.context.SecurityContextPersistenceFilter@22152da0, org.springframework.security.web.header.HeaderWriterFilter@2d0ed017, org.springframework.web.filter.CorsFilter@2d0ea3a9, org.springframework.security.web.authentication.logout.LogoutFilter@24e5a4e0, io.spring.api.security.JwtTokenFilter@76ad048a, org.springframework.security.web.savedrequest.RequestCacheAwareFilter@b6c290a, org.springframework.security.web.servletapi.SecurityContextHolderAwareRequestFilter@5039de18, org.springframework.security.web.authentication.AnonymousAuthenticationFilter@586be63c, org.springframework.security.web.session.SessionManagementFilter@445760e0, org.springframework.security.web.access.ExceptionTranslationFilter@15500a8, org.springframework.security.web.access.intercept.FilterSecurityInterceptor@570f2cf7]
2025-01-19 23:45:59.322  INFO 51142 --- [    Test worker] o.s.b.t.m.w.SpringBootMockServletContext : Initializing Spring TestDispatcherServlet ''
2025-01-19 23:45:59.322  INFO 51142 --- [    Test worker] o.s.t.web.servlet.TestDispatcherServlet  : Initializing Servlet ''
2025-01-19 23:45:59.328  INFO 51142 --- [    Test worker] o.s.t.web.servlet.TestDispatcherServlet  : Completed initialization in 1 ms
2025-01-19 23:45:59.339  INFO 51142 --- [    Test worker] io.spring.api.ArticleFavoriteApiTest     : Started ArticleFavoriteApiTest in 0.549 seconds (JVM running for 10.48)
200
Vary: Origin
Vary: Access-Control-Request-Method
Vary: Access-Control-Request-Headers
Content-Type: application/json
X-Content-Type-Options: nosniff
X-XSS-Protection: 1; mode=block
Cache-Control: no-cache, no-store, max-age=0, must-revalidate
Pragma: no-cache
Expires: 0
X-Frame-Options: DENY

{
    "article": {
        "id": "06f8e4ea-6d7d-4936-893f-856d25c13a2d",
        "slug": "title",
        "title": "title",
        "description": "desc",
        "body": "body",
        "favorited": true,
        "favoritesCount": 1,
        "createdAt": "2025-01-19T18:15:59.346Z",
        "updatedAt": "2025-01-19T18:15:59.346Z",
        "tagList": [
            "java"
        ],
        "cursor": {
            "data": "2025-01-19T18:15:59.346Z"
        },
        "author": {
            "username": "other",
            "bio": "",
            "image": "",
            "following": false
        }
    }
}
200
Vary: Origin
Vary: Access-Control-Request-Method
Vary: Access-Control-Request-Headers
Content-Type: application/json
X-Content-Type-Options: nosniff
X-XSS-Protection: 1; mode=block
Cache-Control: no-cache, no-store, max-age=0, must-revalidate
Pragma: no-cache
Expires: 0
X-Frame-Options: DENY

{
    "article": {
        "id": "80fa4d20-25cb-49b9-b16d-ef1479396e7d",
        "slug": "title",
        "title": "title",
        "description": "desc",
        "body": "body",
        "favorited": true,
        "favoritesCount": 1,
        "createdAt": "2025-01-19T18:15:59.416Z",
        "updatedAt": "2025-01-19T18:15:59.416Z",
        "tagList": [
            "java"
        ],
        "cursor": {
            "data": "2025-01-19T18:15:59.416Z"
        },
        "author": {
            "username": "other",
            "bio": "",
            "image": "",
            "following": false
        }
    }
}
]]></system-out>
  <system-err><![CDATA[]]></system-err>
</testsuite>
