<?xml version="1.0" encoding="UTF-8"?>
<testsuite name="io.spring.infrastructure.comment.MyBatisCommentRepositoryTest" tests="1" skipped="0" failures="0" errors="0" timestamp="2025-01-19T18:16:06" hostname="Siddharthas-MacBook-Air.local" time="0.009">
  <properties/>
  <testcase name="should_create_and_fetch_comment_success()" classname="io.spring.infrastructure.comment.MyBatisCommentRepositoryTest" time="0.009"/>
  <system-out><![CDATA[2025-01-19 23:46:06.498  INFO 51142 --- [    Test worker] m.s.b.t.a.MybatisTestContextBootstrapper : Neither @ContextConfiguration nor @ContextHierarchy found for test class [io.spring.infrastructure.comment.MyBatisCommentRepositoryTest], using SpringBootContextLoader
2025-01-19 23:46:06.499  INFO 51142 --- [    Test worker] o.s.t.c.support.AbstractContextLoader    : Could not detect default resource locations for test class [io.spring.infrastructure.comment.MyBatisCommentRepositoryTest]: no resource found for suffixes {-context.xml, Context.groovy}.
2025-01-19 23:46:06.499  INFO 51142 --- [    Test worker] t.c.s.AnnotationConfigContextLoaderUtils : Could not detect default configuration classes for test class [io.spring.infrastructure.comment.MyBatisCommentRepositoryTest]: MyBatisCommentRepositoryTest does not declare any static, non-private, non-final, nested classes annotated with @Configuration.
2025-01-19 23:46:06.503  INFO 51142 --- [    Test worker] .b.t.c.SpringBootTestContextBootstrapper : Found @SpringBootConfiguration io.spring.RealWorldApplication for test class io.spring.infrastructure.comment.MyBatisCommentRepositoryTest
2025-01-19 23:46:06.503  INFO 51142 --- [    Test worker] m.s.b.t.a.MybatisTestContextBootstrapper : Loaded default TestExecutionListener class names from location [META-INF/spring.factories]: [org.springframework.security.test.context.support.WithSecurityContextTestExecutionListener, org.springframework.security.test.context.support.ReactorContextTestExecutionListener, org.springframework.boot.test.autoconfigure.restdocs.RestDocsTestExecutionListener, org.springframework.boot.test.autoconfigure.web.client.MockRestServiceServerResetTestExecutionListener, org.springframework.boot.test.autoconfigure.web.servlet.MockMvcPrintOnlyOnFailureTestExecutionListener, org.springframework.boot.test.autoconfigure.web.servlet.WebDriverTestExecutionListener, org.springframework.boot.test.autoconfigure.webservices.client.MockWebServiceServerTestExecutionListener, org.springframework.boot.test.mock.mockito.MockitoTestExecutionListener, org.springframework.boot.test.mock.mockito.ResetMocksTestExecutionListener, org.springframework.test.context.web.ServletTestExecutionListener, org.springframework.test.context.support.DirtiesContextBeforeModesTestExecutionListener, org.springframework.test.context.event.ApplicationEventsTestExecutionListener, org.springframework.test.context.support.DependencyInjectionTestExecutionListener, org.springframework.test.context.support.DirtiesContextTestExecutionListener, org.springframework.test.context.transaction.TransactionalTestExecutionListener, org.springframework.test.context.jdbc.SqlScriptsTestExecutionListener, org.springframework.test.context.event.EventPublishingTestExecutionListener]
2025-01-19 23:46:06.506  INFO 51142 --- [    Test worker] m.s.b.t.a.MybatisTestContextBootstrapper : Using TestExecutionListeners: [org.springframework.test.context.web.ServletTestExecutionListener@6b678524, org.springframework.test.context.support.DirtiesContextBeforeModesTestExecutionListener@6bd3bb6, org.springframework.test.context.event.ApplicationEventsTestExecutionListener@3fac0cf4, org.springframework.boot.test.mock.mockito.MockitoTestExecutionListener@2123bc64, org.springframework.boot.test.autoconfigure.SpringBootDependencyInjectionTestExecutionListener@763a53c1, org.springframework.test.context.support.DirtiesContextTestExecutionListener@1935b63b, org.springframework.test.context.transaction.TransactionalTestExecutionListener@4621d245, org.springframework.test.context.jdbc.SqlScriptsTestExecutionListener@7add9679, org.springframework.security.test.context.support.WithSecurityContextTestExecutionListener@5edd76b8, org.springframework.test.context.event.EventPublishingTestExecutionListener@6aed9736, org.springframework.security.test.context.support.ReactorContextTestExecutionListener@2296c3d4, org.springframework.boot.test.autoconfigure.restdocs.RestDocsTestExecutionListener@34eef7a1, org.springframework.boot.test.autoconfigure.web.client.MockRestServiceServerResetTestExecutionListener@1332f32, org.springframework.boot.test.autoconfigure.web.servlet.MockMvcPrintOnlyOnFailureTestExecutionListener@7e14c05, org.springframework.boot.test.autoconfigure.web.servlet.WebDriverTestExecutionListener@13fda74e, org.springframework.boot.test.autoconfigure.webservices.client.MockWebServiceServerTestExecutionListener@50ed196f, org.springframework.boot.test.mock.mockito.ResetMocksTestExecutionListener@48bff6ff]

  .   ____          _            __ _ _
 /\\ / ___'_ __ _ _(_)_ __  __ _ \ \ \ \
( ( )\___ | '_ | '_| | '_ \/ _` | \ \ \ \
 \\/  ___)| |_)| | | | | || (_| |  ) ) ) )
  '  |____| .__|_| |_|_| |_\__, | / / / /
 =========|_|==============|___/=/_/_/_/
 :: Spring Boot ::                (v2.6.3)

2025-01-19 23:46:06.524  INFO 51142 --- [    Test worker] i.s.i.c.MyBatisCommentRepositoryTest     : Starting MyBatisCommentRepositoryTest using Java 11.0.25 on Siddharthas-MacBook-Air.local with PID 51142 (started by siddhuseelam in /Users/siddhuseelam/spring-boot-realworld-example-app-1)
2025-01-19 23:46:06.524  INFO 51142 --- [    Test worker] i.s.i.c.MyBatisCommentRepositoryTest     : The following profiles are active: test
2025-01-19 23:46:06.770  INFO 51142 --- [    Test worker] com.zaxxer.hikari.HikariDataSource       : HikariPool-8 - Starting...
2025-01-19 23:46:06.774  INFO 51142 --- [    Test worker] com.zaxxer.hikari.HikariDataSource       : HikariPool-8 - Start completed.
2025-01-19 23:46:06.775  INFO 51142 --- [    Test worker] o.f.c.internal.license.VersionPrinter    : Flyway Community Edition 8.0.5 by Redgate
2025-01-19 23:46:06.775  INFO 51142 --- [    Test worker] o.f.c.i.database.base.BaseDatabaseType   : Database: jdbc:sqlite::memory: (SQLite 3.36)
2025-01-19 23:46:06.778  INFO 51142 --- [    Test worker] o.f.core.internal.command.DbValidate     : Successfully validated 1 migration (execution time 00:00.001s)
2025-01-19 23:46:06.779  INFO 51142 --- [    Test worker] o.f.c.i.s.JdbcTableSchemaHistory         : Creating Schema History table "main"."flyway_schema_history" ...
2025-01-19 23:46:06.782  INFO 51142 --- [    Test worker] o.f.core.internal.command.DbMigrate      : Current version of schema "main": << Empty Schema >>
2025-01-19 23:46:06.786  INFO 51142 --- [    Test worker] o.f.core.internal.command.DbMigrate      : Migrating schema "main" to version "1 - create tables"
2025-01-19 23:46:06.793  INFO 51142 --- [    Test worker] o.f.core.internal.command.DbMigrate      : Successfully applied 1 migration to schema "main", now at version v1 (execution time 00:00.010s)
2025-01-19 23:46:06.850  INFO 51142 --- [    Test worker] i.s.i.c.MyBatisCommentRepositoryTest     : Started MyBatisCommentRepositoryTest in 0.341 seconds (JVM running for 17.991)
2025-01-19 23:46:06.857  INFO 51142 --- [    Test worker] o.s.t.c.transaction.TransactionContext   : Began transaction (1) for test context [DefaultTestContext@5b832bf7 testClass = MyBatisCommentRepositoryTest, testInstance = io.spring.infrastructure.comment.MyBatisCommentRepositoryTest@3ae7e1f2, testMethod = should_create_and_fetch_comment_success@MyBatisCommentRepositoryTest, testException = [null], mergedContextConfiguration = [MergedContextConfiguration@7f9c9fce testClass = MyBatisCommentRepositoryTest, locations = '{}', classes = '{class io.spring.RealWorldApplication}', contextInitializerClasses = '[]', activeProfiles = '{test}', propertySourceLocations = '{}', propertySourceProperties = '{org.mybatis.spring.boot.test.autoconfigure.MybatisTestContextBootstrapper=true}', contextCustomizers = set[org.springframework.boot.test.autoconfigure.OverrideAutoConfigurationContextCustomizerFactory$DisableAutoConfigurationContextCustomizer@1ed0128b, org.springframework.boot.test.autoconfigure.actuate.metrics.MetricsExportContextCustomizerFactory$DisableMetricExportContextCustomizer@62e70ea3, org.springframework.boot.test.autoconfigure.filter.TypeExcludeFiltersContextCustomizer@351584c0, org.springframework.boot.test.autoconfigure.properties.PropertyMappingContextCustomizer@d158b0f5, org.springframework.boot.test.autoconfigure.web.servlet.WebDriverContextCustomizerFactory$Customizer@180e6ac4, [ImportsContextCustomizer@24546c9e key = [io.spring.infrastructure.repository.MyBatisCommentRepository, org.springframework.boot.test.autoconfigure.jdbc.TestDatabaseAutoConfiguration, org.springframework.boot.autoconfigure.jdbc.DataSourceAutoConfiguration, org.springframework.boot.autoconfigure.cache.CacheAutoConfiguration, org.springframework.boot.autoconfigure.flyway.FlywayAutoConfiguration, org.springframework.boot.autoconfigure.jdbc.DataSourceTransactionManagerAutoConfiguration, org.springframework.boot.autoconfigure.jdbc.JdbcTemplateAutoConfiguration, org.springframework.boot.autoconfigure.liquibase.LiquibaseAutoConfiguration, org.springframework.boot.autoconfigure.transaction.TransactionAutoConfiguration, org.springframework.boot.autoconfigure.sql.init.SqlInitializationAutoConfiguration, org.mybatis.spring.boot.autoconfigure.MybatisLanguageDriverAutoConfiguration, org.mybatis.spring.boot.autoconfigure.MybatisAutoConfiguration]], org.springframework.boot.test.context.filter.ExcludeFilterContextCustomizer@2a39fe6a, org.springframework.boot.test.json.DuplicateJsonObjectContextCustomizerFactory$DuplicateJsonObjectContextCustomizer@d5ae57e, org.springframework.boot.test.mock.mockito.MockitoContextCustomizer@0, org.springframework.boot.test.context.SpringBootTestArgs@1, org.springframework.boot.test.context.SpringBootTestWebEnvironment@0], contextLoader = 'org.springframework.boot.test.context.SpringBootContextLoader', parent = [null]], attributes = map['org.springframework.test.context.event.ApplicationEventsTestExecutionListener.recordApplicationEvents' -> false]]; transaction manager [org.springframework.jdbc.support.JdbcTransactionManager@664a3770]; rollback [true]
2025-01-19 23:46:06.860 DEBUG 51142 --- [    Test worker] i.s.i.m.mapper.CommentMapper.insert      : ==>  Preparing: insert into comments(id, body, user_id, article_id, created_at, updated_at) values ( ?, ?, ?, ?, ?, ? )
2025-01-19 23:46:06.860 DEBUG 51142 --- [    Test worker] i.s.i.m.mapper.CommentMapper.insert      : ==> Parameters: 83d3d41d-7a5d-4e62-bb53-0ea37de9a0ab(String), content(String), 123(String), 456(String), 2025-01-19 23:46:06.859(Timestamp), 2025-01-19 23:46:06.859(Timestamp)
2025-01-19 23:46:06.860 DEBUG 51142 --- [    Test worker] i.s.i.m.mapper.CommentMapper.insert      : <==    Updates: 1
2025-01-19 23:46:06.860 DEBUG 51142 --- [    Test worker] i.s.i.m.mapper.CommentMapper.findById    : ==>  Preparing: select id commentId, body commentBody, user_id commentUserId, article_id commentArticleId, created_at commentCreatedAt from comments where id = ? and article_id = ?
2025-01-19 23:46:06.860 DEBUG 51142 --- [    Test worker] i.s.i.m.mapper.CommentMapper.findById    : ==> Parameters: 83d3d41d-7a5d-4e62-bb53-0ea37de9a0ab(String), 456(String)
2025-01-19 23:46:06.861 DEBUG 51142 --- [    Test worker] i.s.i.m.mapper.CommentMapper.findById    : <==      Total: 1
2025-01-19 23:46:06.862  INFO 51142 --- [    Test worker] o.s.t.c.transaction.TransactionContext   : Rolled back transaction for test: [DefaultTestContext@5b832bf7 testClass = MyBatisCommentRepositoryTest, testInstance = io.spring.infrastructure.comment.MyBatisCommentRepositoryTest@3ae7e1f2, testMethod = should_create_and_fetch_comment_success@MyBatisCommentRepositoryTest, testException = [null], mergedContextConfiguration = [MergedContextConfiguration@7f9c9fce testClass = MyBatisCommentRepositoryTest, locations = '{}', classes = '{class io.spring.RealWorldApplication}', contextInitializerClasses = '[]', activeProfiles = '{test}', propertySourceLocations = '{}', propertySourceProperties = '{org.mybatis.spring.boot.test.autoconfigure.MybatisTestContextBootstrapper=true}', contextCustomizers = set[org.springframework.boot.test.autoconfigure.OverrideAutoConfigurationContextCustomizerFactory$DisableAutoConfigurationContextCustomizer@1ed0128b, org.springframework.boot.test.autoconfigure.actuate.metrics.MetricsExportContextCustomizerFactory$DisableMetricExportContextCustomizer@62e70ea3, org.springframework.boot.test.autoconfigure.filter.TypeExcludeFiltersContextCustomizer@351584c0, org.springframework.boot.test.autoconfigure.properties.PropertyMappingContextCustomizer@d158b0f5, org.springframework.boot.test.autoconfigure.web.servlet.WebDriverContextCustomizerFactory$Customizer@180e6ac4, [ImportsContextCustomizer@24546c9e key = [io.spring.infrastructure.repository.MyBatisCommentRepository, org.springframework.boot.test.autoconfigure.jdbc.TestDatabaseAutoConfiguration, org.springframework.boot.autoconfigure.jdbc.DataSourceAutoConfiguration, org.springframework.boot.autoconfigure.cache.CacheAutoConfiguration, org.springframework.boot.autoconfigure.flyway.FlywayAutoConfiguration, org.springframework.boot.autoconfigure.jdbc.DataSourceTransactionManagerAutoConfiguration, org.springframework.boot.autoconfigure.jdbc.JdbcTemplateAutoConfiguration, org.springframework.boot.autoconfigure.liquibase.LiquibaseAutoConfiguration, org.springframework.boot.autoconfigure.transaction.TransactionAutoConfiguration, org.springframework.boot.autoconfigure.sql.init.SqlInitializationAutoConfiguration, org.mybatis.spring.boot.autoconfigure.MybatisLanguageDriverAutoConfiguration, org.mybatis.spring.boot.autoconfigure.MybatisAutoConfiguration]], org.springframework.boot.test.context.filter.ExcludeFilterContextCustomizer@2a39fe6a, org.springframework.boot.test.json.DuplicateJsonObjectContextCustomizerFactory$DuplicateJsonObjectContextCustomizer@d5ae57e, org.springframework.boot.test.mock.mockito.MockitoContextCustomizer@0, org.springframework.boot.test.context.SpringBootTestArgs@1, org.springframework.boot.test.context.SpringBootTestWebEnvironment@0], contextLoader = 'org.springframework.boot.test.context.SpringBootContextLoader', parent = [null]], attributes = map['org.springframework.test.context.event.ApplicationEventsTestExecutionListener.recordApplicationEvents' -> false]]
]]></system-out>
  <system-err><![CDATA[]]></system-err>
</testsuite>
