<?xml version="1.0" encoding="UTF-8"?>
<testsuite name="io.spring.application.tag.TagsQueryServiceTest" tests="1" skipped="0" failures="0" errors="0" timestamp="2025-01-19T18:16:05" hostname="Siddharthas-MacBook-Air.local" time="0.005">
  <properties/>
  <testcase name="should_get_all_tags()" classname="io.spring.application.tag.TagsQueryServiceTest" time="0.005"/>
  <system-out><![CDATA[2025-01-19 23:46:04.992  INFO 51142 --- [    Test worker] m.s.b.t.a.MybatisTestContextBootstrapper : Neither @ContextConfiguration nor @ContextHierarchy found for test class [io.spring.application.tag.TagsQueryServiceTest], using SpringBootContextLoader
2025-01-19 23:46:04.993  INFO 51142 --- [    Test worker] o.s.t.c.support.AbstractContextLoader    : Could not detect default resource locations for test class [io.spring.application.tag.TagsQueryServiceTest]: no resource found for suffixes {-context.xml, Context.groovy}.
2025-01-19 23:46:04.993  INFO 51142 --- [    Test worker] t.c.s.AnnotationConfigContextLoaderUtils : Could not detect default configuration classes for test class [io.spring.application.tag.TagsQueryServiceTest]: TagsQueryServiceTest does not declare any static, non-private, non-final, nested classes annotated with @Configuration.
2025-01-19 23:46:04.998  INFO 51142 --- [    Test worker] .b.t.c.SpringBootTestContextBootstrapper : Found @SpringBootConfiguration io.spring.RealWorldApplication for test class io.spring.application.tag.TagsQueryServiceTest
2025-01-19 23:46:04.999  INFO 51142 --- [    Test worker] m.s.b.t.a.MybatisTestContextBootstrapper : Loaded default TestExecutionListener class names from location [META-INF/spring.factories]: [org.springframework.security.test.context.support.WithSecurityContextTestExecutionListener, org.springframework.security.test.context.support.ReactorContextTestExecutionListener, org.springframework.boot.test.autoconfigure.restdocs.RestDocsTestExecutionListener, org.springframework.boot.test.autoconfigure.web.client.MockRestServiceServerResetTestExecutionListener, org.springframework.boot.test.autoconfigure.web.servlet.MockMvcPrintOnlyOnFailureTestExecutionListener, org.springframework.boot.test.autoconfigure.web.servlet.WebDriverTestExecutionListener, org.springframework.boot.test.autoconfigure.webservices.client.MockWebServiceServerTestExecutionListener, org.springframework.boot.test.mock.mockito.MockitoTestExecutionListener, org.springframework.boot.test.mock.mockito.ResetMocksTestExecutionListener, org.springframework.test.context.web.ServletTestExecutionListener, org.springframework.test.context.support.DirtiesContextBeforeModesTestExecutionListener, org.springframework.test.context.event.ApplicationEventsTestExecutionListener, org.springframework.test.context.support.DependencyInjectionTestExecutionListener, org.springframework.test.context.support.DirtiesContextTestExecutionListener, org.springframework.test.context.transaction.TransactionalTestExecutionListener, org.springframework.test.context.jdbc.SqlScriptsTestExecutionListener, org.springframework.test.context.event.EventPublishingTestExecutionListener]
2025-01-19 23:46:04.999  INFO 51142 --- [    Test worker] m.s.b.t.a.MybatisTestContextBootstrapper : Using TestExecutionListeners: [org.springframework.test.context.web.ServletTestExecutionListener@7f0dcfe6, org.springframework.test.context.support.DirtiesContextBeforeModesTestExecutionListener@705ba09a, org.springframework.test.context.event.ApplicationEventsTestExecutionListener@361c008, org.springframework.boot.test.mock.mockito.MockitoTestExecutionListener@4b5455c6, org.springframework.boot.test.autoconfigure.SpringBootDependencyInjectionTestExecutionListener@5a37c1b5, org.springframework.test.context.support.DirtiesContextTestExecutionListener@77c5f519, org.springframework.test.context.transaction.TransactionalTestExecutionListener@7aa91a69, org.springframework.test.context.jdbc.SqlScriptsTestExecutionListener@133a8a9f, org.springframework.security.test.context.support.WithSecurityContextTestExecutionListener@7764db24, org.springframework.test.context.event.EventPublishingTestExecutionListener@2f5185ec, org.springframework.security.test.context.support.ReactorContextTestExecutionListener@1d19a83d, org.springframework.boot.test.autoconfigure.restdocs.RestDocsTestExecutionListener@5ab0b773, org.springframework.boot.test.autoconfigure.web.client.MockRestServiceServerResetTestExecutionListener@b5ceafa, org.springframework.boot.test.autoconfigure.web.servlet.MockMvcPrintOnlyOnFailureTestExecutionListener@28816098, org.springframework.boot.test.autoconfigure.web.servlet.WebDriverTestExecutionListener@78097df5, org.springframework.boot.test.autoconfigure.webservices.client.MockWebServiceServerTestExecutionListener@275d46a8, org.springframework.boot.test.mock.mockito.ResetMocksTestExecutionListener@4b3a6383]

  .   ____          _            __ _ _
 /\\ / ___'_ __ _ _(_)_ __  __ _ \ \ \ \
( ( )\___ | '_ | '_| | '_ \/ _` | \ \ \ \
 \\/  ___)| |_)| | | | | || (_| |  ) ) ) )
  '  |____| .__|_| |_|_| |_\__, | / / / /
 =========|_|==============|___/=/_/_/_/
 :: Spring Boot ::                (v2.6.3)

2025-01-19 23:46:05.009  INFO 51142 --- [    Test worker] i.s.a.tag.TagsQueryServiceTest           : Starting TagsQueryServiceTest using Java 11.0.25 on Siddharthas-MacBook-Air.local with PID 51142 (started by siddhuseelam in /Users/siddhuseelam/spring-boot-realworld-example-app-1)
2025-01-19 23:46:05.009  INFO 51142 --- [    Test worker] i.s.a.tag.TagsQueryServiceTest           : The following profiles are active: test
2025-01-19 23:46:05.175  INFO 51142 --- [    Test worker] com.zaxxer.hikari.HikariDataSource       : HikariPool-5 - Starting...
2025-01-19 23:46:05.175  INFO 51142 --- [    Test worker] com.zaxxer.hikari.HikariDataSource       : HikariPool-5 - Start completed.
2025-01-19 23:46:05.175  INFO 51142 --- [    Test worker] o.f.c.internal.license.VersionPrinter    : Flyway Community Edition 8.0.5 by Redgate
2025-01-19 23:46:05.175  INFO 51142 --- [    Test worker] o.f.c.i.database.base.BaseDatabaseType   : Database: jdbc:sqlite::memory: (SQLite 3.36)
2025-01-19 23:46:05.176  INFO 51142 --- [    Test worker] o.f.core.internal.command.DbValidate     : Successfully validated 1 migration (execution time 00:00.000s)
2025-01-19 23:46:05.176  INFO 51142 --- [    Test worker] o.f.c.i.s.JdbcTableSchemaHistory         : Creating Schema History table "main"."flyway_schema_history" ...
2025-01-19 23:46:05.177  INFO 51142 --- [    Test worker] o.f.core.internal.command.DbMigrate      : Current version of schema "main": << Empty Schema >>
2025-01-19 23:46:05.178  INFO 51142 --- [    Test worker] o.f.core.internal.command.DbMigrate      : Migrating schema "main" to version "1 - create tables"
2025-01-19 23:46:05.179  INFO 51142 --- [    Test worker] o.f.core.internal.command.DbMigrate      : Successfully applied 1 migration to schema "main", now at version v1 (execution time 00:00.002s)
2025-01-19 23:46:05.197  INFO 51142 --- [    Test worker] i.s.a.tag.TagsQueryServiceTest           : Started TagsQueryServiceTest in 0.197 seconds (JVM running for 16.338)
2025-01-19 23:46:05.199  INFO 51142 --- [    Test worker] o.s.t.c.transaction.TransactionContext   : Began transaction (1) for test context [DefaultTestContext@2ca57834 testClass = TagsQueryServiceTest, testInstance = io.spring.application.tag.TagsQueryServiceTest@14d21cb9, testMethod = should_get_all_tags@TagsQueryServiceTest, testException = [null], mergedContextConfiguration = [MergedContextConfiguration@2c7c805f testClass = TagsQueryServiceTest, locations = '{}', classes = '{class io.spring.RealWorldApplication}', contextInitializerClasses = '[]', activeProfiles = '{test}', propertySourceLocations = '{}', propertySourceProperties = '{org.mybatis.spring.boot.test.autoconfigure.MybatisTestContextBootstrapper=true}', contextCustomizers = set[org.springframework.boot.test.autoconfigure.OverrideAutoConfigurationContextCustomizerFactory$DisableAutoConfigurationContextCustomizer@1ed0128b, org.springframework.boot.test.autoconfigure.actuate.metrics.MetricsExportContextCustomizerFactory$DisableMetricExportContextCustomizer@62e70ea3, org.springframework.boot.test.autoconfigure.filter.TypeExcludeFiltersContextCustomizer@351584c0, org.springframework.boot.test.autoconfigure.properties.PropertyMappingContextCustomizer@d158b0f5, org.springframework.boot.test.autoconfigure.web.servlet.WebDriverContextCustomizerFactory$Customizer@180e6ac4, [ImportsContextCustomizer@79309b5c key = [org.springframework.boot.test.autoconfigure.jdbc.TestDatabaseAutoConfiguration, org.springframework.boot.autoconfigure.jdbc.DataSourceAutoConfiguration, org.springframework.boot.autoconfigure.cache.CacheAutoConfiguration, org.springframework.boot.autoconfigure.flyway.FlywayAutoConfiguration, org.springframework.boot.autoconfigure.jdbc.DataSourceTransactionManagerAutoConfiguration, org.springframework.boot.autoconfigure.jdbc.JdbcTemplateAutoConfiguration, org.springframework.boot.autoconfigure.liquibase.LiquibaseAutoConfiguration, org.springframework.boot.autoconfigure.transaction.TransactionAutoConfiguration, org.springframework.boot.autoconfigure.sql.init.SqlInitializationAutoConfiguration, org.mybatis.spring.boot.autoconfigure.MybatisLanguageDriverAutoConfiguration, org.mybatis.spring.boot.autoconfigure.MybatisAutoConfiguration, io.spring.application.TagsQueryService, io.spring.infrastructure.repository.MyBatisArticleRepository]], org.springframework.boot.test.context.filter.ExcludeFilterContextCustomizer@2a39fe6a, org.springframework.boot.test.json.DuplicateJsonObjectContextCustomizerFactory$DuplicateJsonObjectContextCustomizer@d5ae57e, org.springframework.boot.test.mock.mockito.MockitoContextCustomizer@0, org.springframework.boot.test.context.SpringBootTestArgs@1, org.springframework.boot.test.context.SpringBootTestWebEnvironment@0], contextLoader = 'org.springframework.boot.test.context.SpringBootContextLoader', parent = [null]], attributes = map['org.springframework.test.context.event.ApplicationEventsTestExecutionListener.recordApplicationEvents' -> false]]; transaction manager [org.springframework.jdbc.support.JdbcTransactionManager@7e532896]; rollback [true]
2025-01-19 23:46:05.200 DEBUG 51142 --- [    Test worker] i.s.i.m.mapper.ArticleMapper.findById    : ==>  Preparing: select A.id articleId, A.slug articleSlug, A.title articleTitle, A.description articleDescription, A.body articleBody, A.user_id articleUserId, A.created_at articleCreatedAt, A.updated_at articleUpdatedAt, T.id tagId, T.name tagName from articles A left join article_tags AT on A.id = AT.article_id left join tags T on T.id = AT.tag_id where A.id = ?
2025-01-19 23:46:05.200 DEBUG 51142 --- [    Test worker] i.s.i.m.mapper.ArticleMapper.findById    : ==> Parameters: d2486dc5-a20b-4dbf-bc07-75bbaa8a2eb4(String)
2025-01-19 23:46:05.200 DEBUG 51142 --- [    Test worker] i.s.i.m.mapper.ArticleMapper.findTag     : ==>  Preparing: select id, name from tags where name = ?
2025-01-19 23:46:05.200 DEBUG 51142 --- [    Test worker] i.s.i.m.mapper.ArticleMapper.findTag     : ==> Parameters: java(String)
2025-01-19 23:46:05.200 DEBUG 51142 --- [    Test worker] i.s.i.m.mapper.ArticleMapper.insertTag   : ==>  Preparing: insert into tags (id, name) values (?, ?)
2025-01-19 23:46:05.200 DEBUG 51142 --- [    Test worker] i.s.i.m.mapper.ArticleMapper.insertTag   : ==> Parameters: 0636b9cc-7f43-42cf-9a11-5e1b7f47048d(String), java(String)
2025-01-19 23:46:05.200 DEBUG 51142 --- [    Test worker] i.s.i.m.mapper.ArticleMapper.insertTag   : <==    Updates: 1
2025-01-19 23:46:05.200 DEBUG 51142 --- [    Test worker] i.s.i.m.m.A.insertArticleTagRelation     : ==>  Preparing: insert into article_tags (article_id, tag_id) values(?, ?)
2025-01-19 23:46:05.201 DEBUG 51142 --- [    Test worker] i.s.i.m.m.A.insertArticleTagRelation     : ==> Parameters: d2486dc5-a20b-4dbf-bc07-75bbaa8a2eb4(String), 0636b9cc-7f43-42cf-9a11-5e1b7f47048d(String)
2025-01-19 23:46:05.201 DEBUG 51142 --- [    Test worker] i.s.i.m.m.A.insertArticleTagRelation     : <==    Updates: 1
2025-01-19 23:46:05.201 DEBUG 51142 --- [    Test worker] i.s.i.m.mapper.ArticleMapper.insert      : ==>  Preparing: insert into articles(id, slug, title, description, body, user_id, created_at, updated_at) values( ?, ?, ?, ?, ?, ?, ?, ?)
2025-01-19 23:46:05.201 DEBUG 51142 --- [    Test worker] i.s.i.m.mapper.ArticleMapper.insert      : ==> Parameters: d2486dc5-a20b-4dbf-bc07-75bbaa8a2eb4(String), test(String), test(String), test(String), test(String), 123(String), 2025-01-19 23:46:05.2(Timestamp), 2025-01-19 23:46:05.2(Timestamp)
2025-01-19 23:46:05.201 DEBUG 51142 --- [    Test worker] i.s.i.m.mapper.ArticleMapper.insert      : <==    Updates: 1
2025-01-19 23:46:05.203  INFO 51142 --- [    Test worker] o.s.t.c.transaction.TransactionContext   : Rolled back transaction for test: [DefaultTestContext@2ca57834 testClass = TagsQueryServiceTest, testInstance = io.spring.application.tag.TagsQueryServiceTest@14d21cb9, testMethod = should_get_all_tags@TagsQueryServiceTest, testException = [null], mergedContextConfiguration = [MergedContextConfiguration@2c7c805f testClass = TagsQueryServiceTest, locations = '{}', classes = '{class io.spring.RealWorldApplication}', contextInitializerClasses = '[]', activeProfiles = '{test}', propertySourceLocations = '{}', propertySourceProperties = '{org.mybatis.spring.boot.test.autoconfigure.MybatisTestContextBootstrapper=true}', contextCustomizers = set[org.springframework.boot.test.autoconfigure.OverrideAutoConfigurationContextCustomizerFactory$DisableAutoConfigurationContextCustomizer@1ed0128b, org.springframework.boot.test.autoconfigure.actuate.metrics.MetricsExportContextCustomizerFactory$DisableMetricExportContextCustomizer@62e70ea3, org.springframework.boot.test.autoconfigure.filter.TypeExcludeFiltersContextCustomizer@351584c0, org.springframework.boot.test.autoconfigure.properties.PropertyMappingContextCustomizer@d158b0f5, org.springframework.boot.test.autoconfigure.web.servlet.WebDriverContextCustomizerFactory$Customizer@180e6ac4, [ImportsContextCustomizer@79309b5c key = [org.springframework.boot.test.autoconfigure.jdbc.TestDatabaseAutoConfiguration, org.springframework.boot.autoconfigure.jdbc.DataSourceAutoConfiguration, org.springframework.boot.autoconfigure.cache.CacheAutoConfiguration, org.springframework.boot.autoconfigure.flyway.FlywayAutoConfiguration, org.springframework.boot.autoconfigure.jdbc.DataSourceTransactionManagerAutoConfiguration, org.springframework.boot.autoconfigure.jdbc.JdbcTemplateAutoConfiguration, org.springframework.boot.autoconfigure.liquibase.LiquibaseAutoConfiguration, org.springframework.boot.autoconfigure.transaction.TransactionAutoConfiguration, org.springframework.boot.autoconfigure.sql.init.SqlInitializationAutoConfiguration, org.mybatis.spring.boot.autoconfigure.MybatisLanguageDriverAutoConfiguration, org.mybatis.spring.boot.autoconfigure.MybatisAutoConfiguration, io.spring.application.TagsQueryService, io.spring.infrastructure.repository.MyBatisArticleRepository]], org.springframework.boot.test.context.filter.ExcludeFilterContextCustomizer@2a39fe6a, org.springframework.boot.test.json.DuplicateJsonObjectContextCustomizerFactory$DuplicateJsonObjectContextCustomizer@d5ae57e, org.springframework.boot.test.mock.mockito.MockitoContextCustomizer@0, org.springframework.boot.test.context.SpringBootTestArgs@1, org.springframework.boot.test.context.SpringBootTestWebEnvironment@0], contextLoader = 'org.springframework.boot.test.context.SpringBootContextLoader', parent = [null]], attributes = map['org.springframework.test.context.event.ApplicationEventsTestExecutionListener.recordApplicationEvents' -> false]]
]]></system-out>
  <system-err><![CDATA[]]></system-err>
</testsuite>
