<?xml version="1.0" encoding="UTF-8"?>
<testsuite name="io.spring.infrastructure.service.DefaultJwtServiceTest" tests="3" skipped="0" failures="0" errors="0" timestamp="2025-01-19T18:16:07" hostname="Siddharthas-MacBook-Air.local" time="0.084">
  <properties/>
  <testcase name="should_generate_and_parse_token()" classname="io.spring.infrastructure.service.DefaultJwtServiceTest" time="0.079"/>
  <testcase name="should_get_null_with_wrong_jwt()" classname="io.spring.infrastructure.service.DefaultJwtServiceTest" time="0.001"/>
  <testcase name="should_get_null_with_expired_jwt()" classname="io.spring.infrastructure.service.DefaultJwtServiceTest" time="0.003"/>
  <system-out><![CDATA[]]></system-out>
  <system-err><![CDATA[]]></system-err>
</testsuite>
