<?xml version="1.0" encoding="UTF-8"?>
<testsuite name="io.spring.application.profile.ProfileQueryServiceTest" tests="1" skipped="0" failures="0" errors="0" timestamp="2025-01-19T18:16:04" hostname="Siddharthas-MacBook-Air.local" time="0.006">
  <properties/>
  <testcase name="should_fetch_profile_success()" classname="io.spring.application.profile.ProfileQueryServiceTest" time="0.006"/>
  <system-out><![CDATA[2025-01-19 23:46:04.747  INFO 51142 --- [    Test worker] m.s.b.t.a.MybatisTestContextBootstrapper : Neither @ContextConfiguration nor @ContextHierarchy found for test class [io.spring.application.profile.ProfileQueryServiceTest], using SpringBootContextLoader
2025-01-19 23:46:04.748  INFO 51142 --- [    Test worker] o.s.t.c.support.AbstractContextLoader    : Could not detect default resource locations for test class [io.spring.application.profile.ProfileQueryServiceTest]: no resource found for suffixes {-context.xml, Context.groovy}.
2025-01-19 23:46:04.748  INFO 51142 --- [    Test worker] t.c.s.AnnotationConfigContextLoaderUtils : Could not detect default configuration classes for test class [io.spring.application.profile.ProfileQueryServiceTest]: ProfileQueryServiceTest does not declare any static, non-private, non-final, nested classes annotated with @Configuration.
2025-01-19 23:46:04.752  INFO 51142 --- [    Test worker] .b.t.c.SpringBootTestContextBootstrapper : Found @SpringBootConfiguration io.spring.RealWorldApplication for test class io.spring.application.profile.ProfileQueryServiceTest
2025-01-19 23:46:04.753  INFO 51142 --- [    Test worker] m.s.b.t.a.MybatisTestContextBootstrapper : Loaded default TestExecutionListener class names from location [META-INF/spring.factories]: [org.springframework.security.test.context.support.WithSecurityContextTestExecutionListener, org.springframework.security.test.context.support.ReactorContextTestExecutionListener, org.springframework.boot.test.autoconfigure.restdocs.RestDocsTestExecutionListener, org.springframework.boot.test.autoconfigure.web.client.MockRestServiceServerResetTestExecutionListener, org.springframework.boot.test.autoconfigure.web.servlet.MockMvcPrintOnlyOnFailureTestExecutionListener, org.springframework.boot.test.autoconfigure.web.servlet.WebDriverTestExecutionListener, org.springframework.boot.test.autoconfigure.webservices.client.MockWebServiceServerTestExecutionListener, org.springframework.boot.test.mock.mockito.MockitoTestExecutionListener, org.springframework.boot.test.mock.mockito.ResetMocksTestExecutionListener, org.springframework.test.context.web.ServletTestExecutionListener, org.springframework.test.context.support.DirtiesContextBeforeModesTestExecutionListener, org.springframework.test.context.event.ApplicationEventsTestExecutionListener, org.springframework.test.context.support.DependencyInjectionTestExecutionListener, org.springframework.test.context.support.DirtiesContextTestExecutionListener, org.springframework.test.context.transaction.TransactionalTestExecutionListener, org.springframework.test.context.jdbc.SqlScriptsTestExecutionListener, org.springframework.test.context.event.EventPublishingTestExecutionListener]
2025-01-19 23:46:04.753  INFO 51142 --- [    Test worker] m.s.b.t.a.MybatisTestContextBootstrapper : Using TestExecutionListeners: [org.springframework.test.context.web.ServletTestExecutionListener@2b80fadc, org.springframework.test.context.support.DirtiesContextBeforeModesTestExecutionListener@50091386, org.springframework.test.context.event.ApplicationEventsTestExecutionListener@3c4161d1, org.springframework.boot.test.mock.mockito.MockitoTestExecutionListener@3f94bd59, org.springframework.boot.test.autoconfigure.SpringBootDependencyInjectionTestExecutionListener@136ee66d, org.springframework.test.context.support.DirtiesContextTestExecutionListener@b6352a5, org.springframework.test.context.transaction.TransactionalTestExecutionListener@3c9be5f1, org.springframework.test.context.jdbc.SqlScriptsTestExecutionListener@26ffe94e, org.springframework.security.test.context.support.WithSecurityContextTestExecutionListener@42c63e72, org.springframework.test.context.event.EventPublishingTestExecutionListener@53a1baf5, org.springframework.security.test.context.support.ReactorContextTestExecutionListener@30f6791d, org.springframework.boot.test.autoconfigure.restdocs.RestDocsTestExecutionListener@699a53d4, org.springframework.boot.test.autoconfigure.web.client.MockRestServiceServerResetTestExecutionListener@1adcd53b, org.springframework.boot.test.autoconfigure.web.servlet.MockMvcPrintOnlyOnFailureTestExecutionListener@4474a287, org.springframework.boot.test.autoconfigure.web.servlet.WebDriverTestExecutionListener@47c90585, org.springframework.boot.test.autoconfigure.webservices.client.MockWebServiceServerTestExecutionListener@7cf6ea5b, org.springframework.boot.test.mock.mockito.ResetMocksTestExecutionListener@ff8df3]

  .   ____          _            __ _ _
 /\\ / ___'_ __ _ _(_)_ __  __ _ \ \ \ \
( ( )\___ | '_ | '_| | '_ \/ _` | \ \ \ \
 \\/  ___)| |_)| | | | | || (_| |  ) ) ) )
  '  |____| .__|_| |_|_| |_\__, | / / / /
 =========|_|==============|___/=/_/_/_/
 :: Spring Boot ::                (v2.6.3)

2025-01-19 23:46:04.767  INFO 51142 --- [    Test worker] i.s.a.profile.ProfileQueryServiceTest    : Starting ProfileQueryServiceTest using Java 11.0.25 on Siddharthas-MacBook-Air.local with PID 51142 (started by siddhuseelam in /Users/siddhuseelam/spring-boot-realworld-example-app-1)
2025-01-19 23:46:04.767  INFO 51142 --- [    Test worker] i.s.a.profile.ProfileQueryServiceTest    : The following profiles are active: test
2025-01-19 23:46:04.955  INFO 51142 --- [    Test worker] com.zaxxer.hikari.HikariDataSource       : HikariPool-4 - Starting...
2025-01-19 23:46:04.955  INFO 51142 --- [    Test worker] com.zaxxer.hikari.HikariDataSource       : HikariPool-4 - Start completed.
2025-01-19 23:46:04.956  INFO 51142 --- [    Test worker] o.f.c.internal.license.VersionPrinter    : Flyway Community Edition 8.0.5 by Redgate
2025-01-19 23:46:04.956  INFO 51142 --- [    Test worker] o.f.c.i.database.base.BaseDatabaseType   : Database: jdbc:sqlite::memory: (SQLite 3.36)
2025-01-19 23:46:04.956  INFO 51142 --- [    Test worker] o.f.core.internal.command.DbValidate     : Successfully validated 1 migration (execution time 00:00.000s)
2025-01-19 23:46:04.957  INFO 51142 --- [    Test worker] o.f.c.i.s.JdbcTableSchemaHistory         : Creating Schema History table "main"."flyway_schema_history" ...
2025-01-19 23:46:04.958  INFO 51142 --- [    Test worker] o.f.core.internal.command.DbMigrate      : Current version of schema "main": << Empty Schema >>
2025-01-19 23:46:04.959  INFO 51142 --- [    Test worker] o.f.core.internal.command.DbMigrate      : Migrating schema "main" to version "1 - create tables"
2025-01-19 23:46:04.960  INFO 51142 --- [    Test worker] o.f.core.internal.command.DbMigrate      : Successfully applied 1 migration to schema "main", now at version v1 (execution time 00:00.002s)
2025-01-19 23:46:04.983  INFO 51142 --- [    Test worker] i.s.a.profile.ProfileQueryServiceTest    : Started ProfileQueryServiceTest in 0.229 seconds (JVM running for 16.125)
2025-01-19 23:46:04.987  INFO 51142 --- [    Test worker] o.s.t.c.transaction.TransactionContext   : Began transaction (1) for test context [DefaultTestContext@15cf25ce testClass = ProfileQueryServiceTest, testInstance = io.spring.application.profile.ProfileQueryServiceTest@1e7a20d5, testMethod = should_fetch_profile_success@ProfileQueryServiceTest, testException = [null], mergedContextConfiguration = [MergedContextConfiguration@1db203d2 testClass = ProfileQueryServiceTest, locations = '{}', classes = '{class io.spring.RealWorldApplication}', contextInitializerClasses = '[]', activeProfiles = '{test}', propertySourceLocations = '{}', propertySourceProperties = '{org.mybatis.spring.boot.test.autoconfigure.MybatisTestContextBootstrapper=true}', contextCustomizers = set[org.springframework.boot.test.autoconfigure.OverrideAutoConfigurationContextCustomizerFactory$DisableAutoConfigurationContextCustomizer@1ed0128b, org.springframework.boot.test.autoconfigure.actuate.metrics.MetricsExportContextCustomizerFactory$DisableMetricExportContextCustomizer@62e70ea3, org.springframework.boot.test.autoconfigure.filter.TypeExcludeFiltersContextCustomizer@351584c0, org.springframework.boot.test.autoconfigure.properties.PropertyMappingContextCustomizer@d158b0f5, org.springframework.boot.test.autoconfigure.web.servlet.WebDriverContextCustomizerFactory$Customizer@180e6ac4, [ImportsContextCustomizer@5de13824 key = [io.spring.application.ProfileQueryService, io.spring.infrastructure.repository.MyBatisUserRepository, org.springframework.boot.test.autoconfigure.jdbc.TestDatabaseAutoConfiguration, org.springframework.boot.autoconfigure.jdbc.DataSourceAutoConfiguration, org.springframework.boot.autoconfigure.cache.CacheAutoConfiguration, org.springframework.boot.autoconfigure.flyway.FlywayAutoConfiguration, org.springframework.boot.autoconfigure.jdbc.DataSourceTransactionManagerAutoConfiguration, org.springframework.boot.autoconfigure.jdbc.JdbcTemplateAutoConfiguration, org.springframework.boot.autoconfigure.liquibase.LiquibaseAutoConfiguration, org.springframework.boot.autoconfigure.transaction.TransactionAutoConfiguration, org.springframework.boot.autoconfigure.sql.init.SqlInitializationAutoConfiguration, org.mybatis.spring.boot.autoconfigure.MybatisLanguageDriverAutoConfiguration, org.mybatis.spring.boot.autoconfigure.MybatisAutoConfiguration]], org.springframework.boot.test.context.filter.ExcludeFilterContextCustomizer@2a39fe6a, org.springframework.boot.test.json.DuplicateJsonObjectContextCustomizerFactory$DuplicateJsonObjectContextCustomizer@d5ae57e, org.springframework.boot.test.mock.mockito.MockitoContextCustomizer@0, org.springframework.boot.test.context.SpringBootTestArgs@1, org.springframework.boot.test.context.SpringBootTestWebEnvironment@0], contextLoader = 'org.springframework.boot.test.context.SpringBootContextLoader', parent = [null]], attributes = map['org.springframework.test.context.event.ApplicationEventsTestExecutionListener.recordApplicationEvents' -> false]]; transaction manager [org.springframework.jdbc.support.JdbcTransactionManager@31ec9703]; rollback [true]
2025-01-19 23:46:04.988 DEBUG 51142 --- [    Test worker] i.s.i.m.mapper.UserMapper.findById       : ==>  Preparing: select id, username, email, password, bio, image from users where id = ?
2025-01-19 23:46:04.988 DEBUG 51142 --- [    Test worker] i.s.i.m.mapper.UserMapper.findById       : ==> Parameters: 00aeb11c-246c-4107-b8e5-a1e1a4dd6d17(String)
2025-01-19 23:46:04.988 DEBUG 51142 --- [    Test worker] i.s.i.mybatis.mapper.UserMapper.insert   : ==>  Preparing: insert into users (id, username, email, password, bio, image) values( ?, ?, ?, ?, ?, ? )
2025-01-19 23:46:04.988 DEBUG 51142 --- [    Test worker] i.s.i.mybatis.mapper.UserMapper.insert   : ==> Parameters: 00aeb11c-246c-4107-b8e5-a1e1a4dd6d17(String), p(String), p@test.com(String), 123(String), (String), (String)
2025-01-19 23:46:04.988 DEBUG 51142 --- [    Test worker] i.s.i.mybatis.mapper.UserMapper.insert   : <==    Updates: 1
2025-01-19 23:46:04.991  INFO 51142 --- [    Test worker] o.s.t.c.transaction.TransactionContext   : Rolled back transaction for test: [DefaultTestContext@15cf25ce testClass = ProfileQueryServiceTest, testInstance = io.spring.application.profile.ProfileQueryServiceTest@1e7a20d5, testMethod = should_fetch_profile_success@ProfileQueryServiceTest, testException = [null], mergedContextConfiguration = [MergedContextConfiguration@1db203d2 testClass = ProfileQueryServiceTest, locations = '{}', classes = '{class io.spring.RealWorldApplication}', contextInitializerClasses = '[]', activeProfiles = '{test}', propertySourceLocations = '{}', propertySourceProperties = '{org.mybatis.spring.boot.test.autoconfigure.MybatisTestContextBootstrapper=true}', contextCustomizers = set[org.springframework.boot.test.autoconfigure.OverrideAutoConfigurationContextCustomizerFactory$DisableAutoConfigurationContextCustomizer@1ed0128b, org.springframework.boot.test.autoconfigure.actuate.metrics.MetricsExportContextCustomizerFactory$DisableMetricExportContextCustomizer@62e70ea3, org.springframework.boot.test.autoconfigure.filter.TypeExcludeFiltersContextCustomizer@351584c0, org.springframework.boot.test.autoconfigure.properties.PropertyMappingContextCustomizer@d158b0f5, org.springframework.boot.test.autoconfigure.web.servlet.WebDriverContextCustomizerFactory$Customizer@180e6ac4, [ImportsContextCustomizer@5de13824 key = [io.spring.application.ProfileQueryService, io.spring.infrastructure.repository.MyBatisUserRepository, org.springframework.boot.test.autoconfigure.jdbc.TestDatabaseAutoConfiguration, org.springframework.boot.autoconfigure.jdbc.DataSourceAutoConfiguration, org.springframework.boot.autoconfigure.cache.CacheAutoConfiguration, org.springframework.boot.autoconfigure.flyway.FlywayAutoConfiguration, org.springframework.boot.autoconfigure.jdbc.DataSourceTransactionManagerAutoConfiguration, org.springframework.boot.autoconfigure.jdbc.JdbcTemplateAutoConfiguration, org.springframework.boot.autoconfigure.liquibase.LiquibaseAutoConfiguration, org.springframework.boot.autoconfigure.transaction.TransactionAutoConfiguration, org.springframework.boot.autoconfigure.sql.init.SqlInitializationAutoConfiguration, org.mybatis.spring.boot.autoconfigure.MybatisLanguageDriverAutoConfiguration, org.mybatis.spring.boot.autoconfigure.MybatisAutoConfiguration]], org.springframework.boot.test.context.filter.ExcludeFilterContextCustomizer@2a39fe6a, org.springframework.boot.test.json.DuplicateJsonObjectContextCustomizerFactory$DuplicateJsonObjectContextCustomizer@d5ae57e, org.springframework.boot.test.mock.mockito.MockitoContextCustomizer@0, org.springframework.boot.test.context.SpringBootTestArgs@1, org.springframework.boot.test.context.SpringBootTestWebEnvironment@0], contextLoader = 'org.springframework.boot.test.context.SpringBootContextLoader', parent = [null]], attributes = map['org.springframework.test.context.event.ApplicationEventsTestExecutionListener.recordApplicationEvents' -> false]]
]]></system-out>
  <system-err><![CDATA[]]></system-err>
</testsuite>
