<?xml version="1.0" encoding="UTF-8"?>
<testsuite name="io.spring.RealworldApplicationTests" tests="1" skipped="0" failures="0" errors="0" timestamp="2025-01-19T18:15:55" hostname="Siddharthas-MacBook-Air.local" time="0.403">
  <properties/>
  <testcase name="contextLoads()" classname="io.spring.RealworldApplicationTests" time="0.403"/>
  <system-out><![CDATA[23:45:49.732 [Test worker] DEBUG org.springframework.test.context.BootstrapUtils - Instantiating CacheAwareContextLoaderDelegate from class [org.springframework.test.context.cache.DefaultCacheAwareContextLoaderDelegate]
23:45:49.747 [Test worker] DEBUG org.springframework.test.context.BootstrapUtils - Instantiating BootstrapContext using constructor [public org.springframework.test.context.support.DefaultBootstrapContext(java.lang.Class,org.springframework.test.context.CacheAwareContextLoaderDelegate)]
23:45:49.781 [Test worker] DEBUG org.springframework.test.context.BootstrapUtils - Instantiating TestContextBootstrapper for test class [io.spring.RealworldApplicationTests] from class [org.springframework.boot.test.context.SpringBootTestContextBootstrapper]
23:45:49.792 [Test worker] INFO org.springframework.boot.test.context.SpringBootTestContextBootstrapper - Neither @ContextConfiguration nor @ContextHierarchy found for test class [io.spring.RealworldApplicationTests], using SpringBootContextLoader
23:45:49.796 [Test worker] DEBUG org.springframework.test.context.support.AbstractContextLoader - Did not detect default resource location for test class [io.spring.RealworldApplicationTests]: class path resource [io/spring/RealworldApplicationTests-context.xml] does not exist
23:45:49.796 [Test worker] DEBUG org.springframework.test.context.support.AbstractContextLoader - Did not detect default resource location for test class [io.spring.RealworldApplicationTests]: class path resource [io/spring/RealworldApplicationTestsContext.groovy] does not exist
23:45:49.796 [Test worker] INFO org.springframework.test.context.support.AbstractContextLoader - Could not detect default resource locations for test class [io.spring.RealworldApplicationTests]: no resource found for suffixes {-context.xml, Context.groovy}.
23:45:49.797 [Test worker] INFO org.springframework.test.context.support.AnnotationConfigContextLoaderUtils - Could not detect default configuration classes for test class [io.spring.RealworldApplicationTests]: RealworldApplicationTests does not declare any static, non-private, non-final, nested classes annotated with @Configuration.
23:45:49.836 [Test worker] DEBUG org.springframework.test.context.support.ActiveProfilesUtils - Could not find an 'annotation declaring class' for annotation type [org.springframework.test.context.ActiveProfiles] and class [io.spring.RealworldApplicationTests]
23:45:49.883 [Test worker] DEBUG org.springframework.context.annotation.ClassPathScanningCandidateComponentProvider - Identified candidate component class: file [/Users/siddhuseelam/spring-boot-realworld-example-app-1/build/classes/java/main/io/spring/RealWorldApplication.class]
23:45:49.885 [Test worker] INFO org.springframework.boot.test.context.SpringBootTestContextBootstrapper - Found @SpringBootConfiguration io.spring.RealWorldApplication for test class io.spring.RealworldApplicationTests
23:45:50.060 [Test worker] DEBUG org.springframework.boot.test.context.SpringBootTestContextBootstrapper - @TestExecutionListeners is not present for class [io.spring.RealworldApplicationTests]: using defaults.
23:45:50.064 [Test worker] INFO org.springframework.boot.test.context.SpringBootTestContextBootstrapper - Loaded default TestExecutionListener class names from location [META-INF/spring.factories]: [org.springframework.security.test.context.support.WithSecurityContextTestExecutionListener, org.springframework.security.test.context.support.ReactorContextTestExecutionListener, org.springframework.boot.test.autoconfigure.restdocs.RestDocsTestExecutionListener, org.springframework.boot.test.autoconfigure.web.client.MockRestServiceServerResetTestExecutionListener, org.springframework.boot.test.autoconfigure.web.servlet.MockMvcPrintOnlyOnFailureTestExecutionListener, org.springframework.boot.test.autoconfigure.web.servlet.WebDriverTestExecutionListener, org.springframework.boot.test.autoconfigure.webservices.client.MockWebServiceServerTestExecutionListener, org.springframework.boot.test.mock.mockito.MockitoTestExecutionListener, org.springframework.boot.test.mock.mockito.ResetMocksTestExecutionListener, org.springframework.test.context.web.ServletTestExecutionListener, org.springframework.test.context.support.DirtiesContextBeforeModesTestExecutionListener, org.springframework.test.context.event.ApplicationEventsTestExecutionListener, org.springframework.test.context.support.DependencyInjectionTestExecutionListener, org.springframework.test.context.support.DirtiesContextTestExecutionListener, org.springframework.test.context.transaction.TransactionalTestExecutionListener, org.springframework.test.context.jdbc.SqlScriptsTestExecutionListener, org.springframework.test.context.event.EventPublishingTestExecutionListener]
23:45:50.096 [Test worker] INFO org.springframework.boot.test.context.SpringBootTestContextBootstrapper - Using TestExecutionListeners: [org.springframework.test.context.web.ServletTestExecutionListener@1ad926d3, org.springframework.test.context.support.DirtiesContextBeforeModesTestExecutionListener@3a43d133, org.springframework.test.context.event.ApplicationEventsTestExecutionListener@39ce27f2, org.springframework.boot.test.mock.mockito.MockitoTestExecutionListener@5f2afe62, org.springframework.boot.test.autoconfigure.SpringBootDependencyInjectionTestExecutionListener@c96a4ea, org.springframework.test.context.support.DirtiesContextTestExecutionListener@28782602, org.springframework.test.context.transaction.TransactionalTestExecutionListener@60c16548, org.springframework.test.context.jdbc.SqlScriptsTestExecutionListener@68105edc, org.springframework.security.test.context.support.WithSecurityContextTestExecutionListener@511816c0, org.springframework.test.context.event.EventPublishingTestExecutionListener@38b972d7, org.springframework.security.test.context.support.ReactorContextTestExecutionListener@5339bbad, org.springframework.boot.test.autoconfigure.restdocs.RestDocsTestExecutionListener@3935e9a8, org.springframework.boot.test.autoconfigure.web.client.MockRestServiceServerResetTestExecutionListener@288a4658, org.springframework.boot.test.autoconfigure.web.servlet.MockMvcPrintOnlyOnFailureTestExecutionListener@5b56b654, org.springframework.boot.test.autoconfigure.web.servlet.WebDriverTestExecutionListener@452c8a40, org.springframework.boot.test.autoconfigure.webservices.client.MockWebServiceServerTestExecutionListener@534243e4, org.springframework.boot.test.mock.mockito.ResetMocksTestExecutionListener@29006752]
23:45:50.101 [Test worker] DEBUG org.springframework.test.context.support.AbstractDirtiesContextTestExecutionListener - Before test class: context [DefaultTestContext@3e598df9 testClass = RealworldApplicationTests, testInstance = [null], testMethod = [null], testException = [null], mergedContextConfiguration = [WebMergedContextConfiguration@7e31ce0f testClass = RealworldApplicationTests, locations = '{}', classes = '{class io.spring.RealWorldApplication}', contextInitializerClasses = '[]', activeProfiles = '{}', propertySourceLocations = '{}', propertySourceProperties = '{org.springframework.boot.test.context.SpringBootTestContextBootstrapper=true}', contextCustomizers = set[org.springframework.boot.test.autoconfigure.actuate.metrics.MetricsExportContextCustomizerFactory$DisableMetricExportContextCustomizer@62e70ea3, org.springframework.boot.test.autoconfigure.properties.PropertyMappingContextCustomizer@0, org.springframework.boot.test.autoconfigure.web.servlet.WebDriverContextCustomizerFactory$Customizer@180e6ac4, org.springframework.boot.test.context.filter.ExcludeFilterContextCustomizer@2a39fe6a, org.springframework.boot.test.json.DuplicateJsonObjectContextCustomizerFactory$DuplicateJsonObjectContextCustomizer@d5ae57e, org.springframework.boot.test.mock.mockito.MockitoContextCustomizer@0, org.springframework.boot.test.web.client.TestRestTemplateContextCustomizer@475835b1, org.springframework.boot.test.context.SpringBootTestArgs@1, org.springframework.boot.test.context.SpringBootTestWebEnvironment@4bbf6d0e], resourceBasePath = 'src/main/webapp', contextLoader = 'org.springframework.boot.test.context.SpringBootContextLoader', parent = [null]], attributes = map['org.springframework.test.context.web.ServletTestExecutionListener.activateListener' -> true]], class annotated with @DirtiesContext [false] with mode [null].

  .   ____          _            __ _ _
 /\\ / ___'_ __ _ _(_)_ __  __ _ \ \ \ \
( ( )\___ | '_ | '_| | '_ \/ _` | \ \ \ \
 \\/  ___)| |_)| | | | | || (_| |  ) ) ) )
  '  |____| .__|_| |_|_| |_\__, | / / / /
 =========|_|==============|___/=/_/_/_/
 :: Spring Boot ::                (v2.6.3)

2025-01-19 23:45:50.513  INFO 51142 --- [    Test worker] io.spring.RealworldApplicationTests      : Starting RealworldApplicationTests using Java 11.0.25 on Siddharthas-MacBook-Air.local with PID 51142 (started by siddhuseelam in /Users/siddhuseelam/spring-boot-realworld-example-app-1)
2025-01-19 23:45:50.514  INFO 51142 --- [    Test worker] io.spring.RealworldApplicationTests      : No active profile set, falling back to default profiles: default
2025-01-19 23:45:53.589  INFO 51142 --- [    Test worker] .s.s.UserDetailsServiceAutoConfiguration : 

Using generated security password: f7e0ed94-6029-48c2-a28d-de057c7a9cd3

2025-01-19 23:45:53.807  INFO 51142 --- [    Test worker] o.s.s.web.DefaultSecurityFilterChain     : Will secure any request with [org.springframework.security.web.context.request.async.WebAsyncManagerIntegrationFilter@7227926b, org.springframework.security.web.context.SecurityContextPersistenceFilter@59b98ad1, org.springframework.security.web.header.HeaderWriterFilter@26d8908e, org.springframework.web.filter.CorsFilter@2f75a9b1, org.springframework.security.web.authentication.logout.LogoutFilter@69de72ec, io.spring.api.security.JwtTokenFilter@556aed22, org.springframework.security.web.savedrequest.RequestCacheAwareFilter@2248d140, org.springframework.security.web.servletapi.SecurityContextHolderAwareRequestFilter@4e951fb1, org.springframework.security.web.authentication.AnonymousAuthenticationFilter@57a982f9, org.springframework.security.web.session.SessionManagementFilter@68454ed5, org.springframework.security.web.access.ExceptionTranslationFilter@430aae8e, org.springframework.security.web.access.intercept.FilterSecurityInterceptor@152891f8]
2025-01-19 23:45:54.438  INFO 51142 --- [    Test worker] c.n.g.d.w.a.GraphiQLConfigurer           : Configuring GraphiQL to use GraphQL endpoint at '/graphql'
2025-01-19 23:45:55.116  INFO 51142 --- [    Test worker] com.zaxxer.hikari.HikariDataSource       : HikariPool-1 - Starting...
2025-01-19 23:45:55.583  INFO 51142 --- [    Test worker] com.zaxxer.hikari.HikariDataSource       : HikariPool-1 - Start completed.
2025-01-19 23:45:55.594  INFO 51142 --- [    Test worker] o.f.c.internal.license.VersionPrinter    : Flyway Community Edition 8.0.5 by Redgate
2025-01-19 23:45:55.594  INFO 51142 --- [    Test worker] o.f.c.i.database.base.BaseDatabaseType   : Database: jdbc:sqlite:dev.db (SQLite 3.36)
2025-01-19 23:45:55.619  INFO 51142 --- [    Test worker] o.f.core.internal.command.DbValidate     : Successfully validated 1 migration (execution time 00:00.007s)
2025-01-19 23:45:55.622  INFO 51142 --- [    Test worker] o.f.c.i.s.JdbcTableSchemaHistory         : Creating Schema History table "main"."flyway_schema_history" ...
2025-01-19 23:45:55.632  INFO 51142 --- [    Test worker] o.f.core.internal.command.DbMigrate      : Current version of schema "main": << Empty Schema >>
2025-01-19 23:45:55.637  INFO 51142 --- [    Test worker] o.f.core.internal.command.DbMigrate      : Migrating schema "main" to version "1 - create tables"
2025-01-19 23:45:55.643  INFO 51142 --- [    Test worker] o.f.core.internal.command.DbMigrate      : Successfully applied 1 migration to schema "main", now at version v1 (execution time 00:00.011s)
2025-01-19 23:45:55.775  INFO 51142 --- [    Test worker] io.spring.RealworldApplicationTests      : Started RealworldApplicationTests in 5.612 seconds (JVM running for 6.917)
]]></system-out>
  <system-err><![CDATA[]]></system-err>
</testsuite>
