<?xml version="1.0" encoding="UTF-8"?>
<testsuite name="io.spring.infrastructure.user.MyBatisUserRepositoryTest" tests="4" skipped="0" failures="0" errors="0" timestamp="2025-01-19T18:16:07" hostname="Siddharthas-MacBook-Air.local" time="0.021">
  <properties/>
  <testcase name="should_update_user_success()" classname="io.spring.infrastructure.user.MyBatisUserRepositoryTest" time="0.008"/>
  <testcase name="should_create_new_user_follow_success()" classname="io.spring.infrastructure.user.MyBatisUserRepositoryTest" time="0.003"/>
  <testcase name="should_save_and_fetch_user_success()" classname="io.spring.infrastructure.user.MyBatisUserRepositoryTest" time="0.004"/>
  <testcase name="should_unfollow_user_success()" classname="io.spring.infrastructure.user.MyBatisUserRepositoryTest" time="0.004"/>
  <system-out><![CDATA[2025-01-19 23:46:07.226  INFO 51142 --- [    Test worker] m.s.b.t.a.MybatisTestContextBootstrapper : Neither @ContextConfiguration nor @ContextHierarchy found for test class [io.spring.infrastructure.user.MyBatisUserRepositoryTest], using SpringBootContextLoader
2025-01-19 23:46:07.227  INFO 51142 --- [    Test worker] o.s.t.c.support.AbstractContextLoader    : Could not detect default resource locations for test class [io.spring.infrastructure.user.MyBatisUserRepositoryTest]: no resource found for suffixes {-context.xml, Context.groovy}.
2025-01-19 23:46:07.227  INFO 51142 --- [    Test worker] t.c.s.AnnotationConfigContextLoaderUtils : Could not detect default configuration classes for test class [io.spring.infrastructure.user.MyBatisUserRepositoryTest]: MyBatisUserRepositoryTest does not declare any static, non-private, non-final, nested classes annotated with @Configuration.
2025-01-19 23:46:07.231  INFO 51142 --- [    Test worker] .b.t.c.SpringBootTestContextBootstrapper : Found @SpringBootConfiguration io.spring.RealWorldApplication for test class io.spring.infrastructure.user.MyBatisUserRepositoryTest
2025-01-19 23:46:07.232  INFO 51142 --- [    Test worker] m.s.b.t.a.MybatisTestContextBootstrapper : Loaded default TestExecutionListener class names from location [META-INF/spring.factories]: [org.springframework.security.test.context.support.WithSecurityContextTestExecutionListener, org.springframework.security.test.context.support.ReactorContextTestExecutionListener, org.springframework.boot.test.autoconfigure.restdocs.RestDocsTestExecutionListener, org.springframework.boot.test.autoconfigure.web.client.MockRestServiceServerResetTestExecutionListener, org.springframework.boot.test.autoconfigure.web.servlet.MockMvcPrintOnlyOnFailureTestExecutionListener, org.springframework.boot.test.autoconfigure.web.servlet.WebDriverTestExecutionListener, org.springframework.boot.test.autoconfigure.webservices.client.MockWebServiceServerTestExecutionListener, org.springframework.boot.test.mock.mockito.MockitoTestExecutionListener, org.springframework.boot.test.mock.mockito.ResetMocksTestExecutionListener, org.springframework.test.context.web.ServletTestExecutionListener, org.springframework.test.context.support.DirtiesContextBeforeModesTestExecutionListener, org.springframework.test.context.event.ApplicationEventsTestExecutionListener, org.springframework.test.context.support.DependencyInjectionTestExecutionListener, org.springframework.test.context.support.DirtiesContextTestExecutionListener, org.springframework.test.context.transaction.TransactionalTestExecutionListener, org.springframework.test.context.jdbc.SqlScriptsTestExecutionListener, org.springframework.test.context.event.EventPublishingTestExecutionListener]
2025-01-19 23:46:07.232  INFO 51142 --- [    Test worker] m.s.b.t.a.MybatisTestContextBootstrapper : Using TestExecutionListeners: [org.springframework.test.context.web.ServletTestExecutionListener@6214ea1b, org.springframework.test.context.support.DirtiesContextBeforeModesTestExecutionListener@6f229126, org.springframework.test.context.event.ApplicationEventsTestExecutionListener@1cc552fe, org.springframework.boot.test.mock.mockito.MockitoTestExecutionListener@62129091, org.springframework.boot.test.autoconfigure.SpringBootDependencyInjectionTestExecutionListener@2793fafa, org.springframework.test.context.support.DirtiesContextTestExecutionListener@5c43f48f, org.springframework.test.context.transaction.TransactionalTestExecutionListener@6aa70f5b, org.springframework.test.context.jdbc.SqlScriptsTestExecutionListener@1c479c86, org.springframework.security.test.context.support.WithSecurityContextTestExecutionListener@24bbe1de, org.springframework.test.context.event.EventPublishingTestExecutionListener@671f8e4a, org.springframework.security.test.context.support.ReactorContextTestExecutionListener@35108825, org.springframework.boot.test.autoconfigure.restdocs.RestDocsTestExecutionListener@151391ad, org.springframework.boot.test.autoconfigure.web.client.MockRestServiceServerResetTestExecutionListener@6e5d37c0, org.springframework.boot.test.autoconfigure.web.servlet.MockMvcPrintOnlyOnFailureTestExecutionListener@75ab999f, org.springframework.boot.test.autoconfigure.web.servlet.WebDriverTestExecutionListener@44cb66af, org.springframework.boot.test.autoconfigure.webservices.client.MockWebServiceServerTestExecutionListener@4ddc0962, org.springframework.boot.test.mock.mockito.ResetMocksTestExecutionListener@4a38c42e]

  .   ____          _            __ _ _
 /\\ / ___'_ __ _ _(_)_ __  __ _ \ \ \ \
( ( )\___ | '_ | '_| | '_ \/ _` | \ \ \ \
 \\/  ___)| |_)| | | | | || (_| |  ) ) ) )
  '  |____| .__|_| |_|_| |_\__, | / / / /
 =========|_|==============|___/=/_/_/_/
 :: Spring Boot ::                (v2.6.3)

2025-01-19 23:46:07.247  INFO 51142 --- [    Test worker] i.s.i.user.MyBatisUserRepositoryTest     : Starting MyBatisUserRepositoryTest using Java 11.0.25 on Siddharthas-MacBook-Air.local with PID 51142 (started by siddhuseelam in /Users/siddhuseelam/spring-boot-realworld-example-app-1)
2025-01-19 23:46:07.247  INFO 51142 --- [    Test worker] i.s.i.user.MyBatisUserRepositoryTest     : The following profiles are active: test
2025-01-19 23:46:07.438  INFO 51142 --- [    Test worker] com.zaxxer.hikari.HikariDataSource       : HikariPool-10 - Starting...
2025-01-19 23:46:07.438  INFO 51142 --- [    Test worker] com.zaxxer.hikari.HikariDataSource       : HikariPool-10 - Start completed.
2025-01-19 23:46:07.438  INFO 51142 --- [    Test worker] o.f.c.internal.license.VersionPrinter    : Flyway Community Edition 8.0.5 by Redgate
2025-01-19 23:46:07.439  INFO 51142 --- [    Test worker] o.f.c.i.database.base.BaseDatabaseType   : Database: jdbc:sqlite::memory: (SQLite 3.36)
2025-01-19 23:46:07.441  INFO 51142 --- [    Test worker] o.f.core.internal.command.DbValidate     : Successfully validated 1 migration (execution time 00:00.001s)
2025-01-19 23:46:07.441  INFO 51142 --- [    Test worker] o.f.c.i.s.JdbcTableSchemaHistory         : Creating Schema History table "main"."flyway_schema_history" ...
2025-01-19 23:46:07.442  INFO 51142 --- [    Test worker] o.f.core.internal.command.DbMigrate      : Current version of schema "main": << Empty Schema >>
2025-01-19 23:46:07.443  INFO 51142 --- [    Test worker] o.f.core.internal.command.DbMigrate      : Migrating schema "main" to version "1 - create tables"
2025-01-19 23:46:07.444  INFO 51142 --- [    Test worker] o.f.core.internal.command.DbMigrate      : Successfully applied 1 migration to schema "main", now at version v1 (execution time 00:00.002s)
2025-01-19 23:46:07.473  INFO 51142 --- [    Test worker] i.s.i.user.MyBatisUserRepositoryTest     : Started MyBatisUserRepositoryTest in 0.24 seconds (JVM running for 18.615)
2025-01-19 23:46:07.476  INFO 51142 --- [    Test worker] o.s.t.c.transaction.TransactionContext   : Began transaction (1) for test context [DefaultTestContext@30cdb46 testClass = MyBatisUserRepositoryTest, testInstance = io.spring.infrastructure.user.MyBatisUserRepositoryTest@508189cc, testMethod = should_update_user_success@MyBatisUserRepositoryTest, testException = [null], mergedContextConfiguration = [MergedContextConfiguration@15f0d6c7 testClass = MyBatisUserRepositoryTest, locations = '{}', classes = '{class io.spring.RealWorldApplication}', contextInitializerClasses = '[]', activeProfiles = '{test}', propertySourceLocations = '{}', propertySourceProperties = '{org.mybatis.spring.boot.test.autoconfigure.MybatisTestContextBootstrapper=true}', contextCustomizers = set[org.springframework.boot.test.autoconfigure.OverrideAutoConfigurationContextCustomizerFactory$DisableAutoConfigurationContextCustomizer@1ed0128b, org.springframework.boot.test.autoconfigure.actuate.metrics.MetricsExportContextCustomizerFactory$DisableMetricExportContextCustomizer@62e70ea3, org.springframework.boot.test.autoconfigure.filter.TypeExcludeFiltersContextCustomizer@351584c0, org.springframework.boot.test.autoconfigure.properties.PropertyMappingContextCustomizer@d158b0f5, org.springframework.boot.test.autoconfigure.web.servlet.WebDriverContextCustomizerFactory$Customizer@180e6ac4, [ImportsContextCustomizer@3f05744b key = [io.spring.infrastructure.repository.MyBatisUserRepository, org.springframework.boot.test.autoconfigure.jdbc.TestDatabaseAutoConfiguration, org.springframework.boot.autoconfigure.jdbc.DataSourceAutoConfiguration, org.springframework.boot.autoconfigure.cache.CacheAutoConfiguration, org.springframework.boot.autoconfigure.flyway.FlywayAutoConfiguration, org.springframework.boot.autoconfigure.jdbc.DataSourceTransactionManagerAutoConfiguration, org.springframework.boot.autoconfigure.jdbc.JdbcTemplateAutoConfiguration, org.springframework.boot.autoconfigure.liquibase.LiquibaseAutoConfiguration, org.springframework.boot.autoconfigure.transaction.TransactionAutoConfiguration, org.springframework.boot.autoconfigure.sql.init.SqlInitializationAutoConfiguration, org.mybatis.spring.boot.autoconfigure.MybatisLanguageDriverAutoConfiguration, org.mybatis.spring.boot.autoconfigure.MybatisAutoConfiguration]], org.springframework.boot.test.context.filter.ExcludeFilterContextCustomizer@2a39fe6a, org.springframework.boot.test.json.DuplicateJsonObjectContextCustomizerFactory$DuplicateJsonObjectContextCustomizer@d5ae57e, org.springframework.boot.test.mock.mockito.MockitoContextCustomizer@0, org.springframework.boot.test.context.SpringBootTestArgs@1, org.springframework.boot.test.context.SpringBootTestWebEnvironment@0], contextLoader = 'org.springframework.boot.test.context.SpringBootContextLoader', parent = [null]], attributes = map['org.springframework.test.context.event.ApplicationEventsTestExecutionListener.recordApplicationEvents' -> false]]; transaction manager [org.springframework.jdbc.support.JdbcTransactionManager@5a365e06]; rollback [true]
2025-01-19 23:46:07.480 DEBUG 51142 --- [    Test worker] i.s.i.m.mapper.UserMapper.findById       : ==>  Preparing: select id, username, email, password, bio, image from users where id = ?
2025-01-19 23:46:07.480 DEBUG 51142 --- [    Test worker] i.s.i.m.mapper.UserMapper.findById       : ==> Parameters: 07399ecd-cec1-4255-aba1-061f084eed2c(String)
2025-01-19 23:46:07.480 DEBUG 51142 --- [    Test worker] i.s.i.mybatis.mapper.UserMapper.insert   : ==>  Preparing: insert into users (id, username, email, password, bio, image) values( ?, ?, ?, ?, ?, ? )
2025-01-19 23:46:07.480 DEBUG 51142 --- [    Test worker] i.s.i.mybatis.mapper.UserMapper.insert   : ==> Parameters: 07399ecd-cec1-4255-aba1-061f084eed2c(String), aisensiy(String), newemail@email.com(String), 123(String), (String), default(String)
2025-01-19 23:46:07.480 DEBUG 51142 --- [    Test worker] i.s.i.mybatis.mapper.UserMapper.insert   : <==    Updates: 1
2025-01-19 23:46:07.480 DEBUG 51142 --- [    Test worker] i.s.i.m.m.UserMapper.findByUsername      : ==>  Preparing: select * from users where username = ?
2025-01-19 23:46:07.480 DEBUG 51142 --- [    Test worker] i.s.i.m.m.UserMapper.findByUsername      : ==> Parameters: aisensiy(String)
2025-01-19 23:46:07.481 DEBUG 51142 --- [    Test worker] i.s.i.m.m.UserMapper.findByUsername      : <==      Total: 1
2025-01-19 23:46:07.481 DEBUG 51142 --- [    Test worker] i.s.i.m.mapper.UserMapper.findById       : ==>  Preparing: select id, username, email, password, bio, image from users where id = ?
2025-01-19 23:46:07.481 DEBUG 51142 --- [    Test worker] i.s.i.m.mapper.UserMapper.findById       : ==> Parameters: 07399ecd-cec1-4255-aba1-061f084eed2c(String)
2025-01-19 23:46:07.481 DEBUG 51142 --- [    Test worker] i.s.i.m.mapper.UserMapper.findById       : <==      Total: 1
2025-01-19 23:46:07.482 DEBUG 51142 --- [    Test worker] i.s.i.mybatis.mapper.UserMapper.update   : ==>  Preparing: update users SET username = ?, email = ?, password = ?, image = ? where id = ?
2025-01-19 23:46:07.482 DEBUG 51142 --- [    Test worker] i.s.i.mybatis.mapper.UserMapper.update   : ==> Parameters: newUsername(String), newemail@email.com(String), 123(String), default(String), 07399ecd-cec1-4255-aba1-061f084eed2c(String)
2025-01-19 23:46:07.482 DEBUG 51142 --- [    Test worker] i.s.i.mybatis.mapper.UserMapper.update   : <==    Updates: 1
2025-01-19 23:46:07.482 DEBUG 51142 --- [    Test worker] i.s.i.m.mapper.UserMapper.findByEmail    : ==>  Preparing: select id, username, email, password, bio, image from users where email = ?
2025-01-19 23:46:07.482 DEBUG 51142 --- [    Test worker] i.s.i.m.mapper.UserMapper.findByEmail    : ==> Parameters: newemail@email.com(String)
2025-01-19 23:46:07.482 DEBUG 51142 --- [    Test worker] i.s.i.m.mapper.UserMapper.findByEmail    : <==      Total: 1
2025-01-19 23:46:07.483  INFO 51142 --- [    Test worker] o.s.t.c.transaction.TransactionContext   : Rolled back transaction for test: [DefaultTestContext@30cdb46 testClass = MyBatisUserRepositoryTest, testInstance = io.spring.infrastructure.user.MyBatisUserRepositoryTest@508189cc, testMethod = should_update_user_success@MyBatisUserRepositoryTest, testException = [null], mergedContextConfiguration = [MergedContextConfiguration@15f0d6c7 testClass = MyBatisUserRepositoryTest, locations = '{}', classes = '{class io.spring.RealWorldApplication}', contextInitializerClasses = '[]', activeProfiles = '{test}', propertySourceLocations = '{}', propertySourceProperties = '{org.mybatis.spring.boot.test.autoconfigure.MybatisTestContextBootstrapper=true}', contextCustomizers = set[org.springframework.boot.test.autoconfigure.OverrideAutoConfigurationContextCustomizerFactory$DisableAutoConfigurationContextCustomizer@1ed0128b, org.springframework.boot.test.autoconfigure.actuate.metrics.MetricsExportContextCustomizerFactory$DisableMetricExportContextCustomizer@62e70ea3, org.springframework.boot.test.autoconfigure.filter.TypeExcludeFiltersContextCustomizer@351584c0, org.springframework.boot.test.autoconfigure.properties.PropertyMappingContextCustomizer@d158b0f5, org.springframework.boot.test.autoconfigure.web.servlet.WebDriverContextCustomizerFactory$Customizer@180e6ac4, [ImportsContextCustomizer@3f05744b key = [io.spring.infrastructure.repository.MyBatisUserRepository, org.springframework.boot.test.autoconfigure.jdbc.TestDatabaseAutoConfiguration, org.springframework.boot.autoconfigure.jdbc.DataSourceAutoConfiguration, org.springframework.boot.autoconfigure.cache.CacheAutoConfiguration, org.springframework.boot.autoconfigure.flyway.FlywayAutoConfiguration, org.springframework.boot.autoconfigure.jdbc.DataSourceTransactionManagerAutoConfiguration, org.springframework.boot.autoconfigure.jdbc.JdbcTemplateAutoConfiguration, org.springframework.boot.autoconfigure.liquibase.LiquibaseAutoConfiguration, org.springframework.boot.autoconfigure.transaction.TransactionAutoConfiguration, org.springframework.boot.autoconfigure.sql.init.SqlInitializationAutoConfiguration, org.mybatis.spring.boot.autoconfigure.MybatisLanguageDriverAutoConfiguration, org.mybatis.spring.boot.autoconfigure.MybatisAutoConfiguration]], org.springframework.boot.test.context.filter.ExcludeFilterContextCustomizer@2a39fe6a, org.springframework.boot.test.json.DuplicateJsonObjectContextCustomizerFactory$DuplicateJsonObjectContextCustomizer@d5ae57e, org.springframework.boot.test.mock.mockito.MockitoContextCustomizer@0, org.springframework.boot.test.context.SpringBootTestArgs@1, org.springframework.boot.test.context.SpringBootTestWebEnvironment@0], contextLoader = 'org.springframework.boot.test.context.SpringBootContextLoader', parent = [null]], attributes = map['org.springframework.test.context.event.ApplicationEventsTestExecutionListener.recordApplicationEvents' -> false]]
2025-01-19 23:46:07.485  INFO 51142 --- [    Test worker] o.s.t.c.transaction.TransactionContext   : Began transaction (1) for test context [DefaultTestContext@30cdb46 testClass = MyBatisUserRepositoryTest, testInstance = io.spring.infrastructure.user.MyBatisUserRepositoryTest@696dea11, testMethod = should_create_new_user_follow_success@MyBatisUserRepositoryTest, testException = [null], mergedContextConfiguration = [MergedContextConfiguration@15f0d6c7 testClass = MyBatisUserRepositoryTest, locations = '{}', classes = '{class io.spring.RealWorldApplication}', contextInitializerClasses = '[]', activeProfiles = '{test}', propertySourceLocations = '{}', propertySourceProperties = '{org.mybatis.spring.boot.test.autoconfigure.MybatisTestContextBootstrapper=true}', contextCustomizers = set[org.springframework.boot.test.autoconfigure.OverrideAutoConfigurationContextCustomizerFactory$DisableAutoConfigurationContextCustomizer@1ed0128b, org.springframework.boot.test.autoconfigure.actuate.metrics.MetricsExportContextCustomizerFactory$DisableMetricExportContextCustomizer@62e70ea3, org.springframework.boot.test.autoconfigure.filter.TypeExcludeFiltersContextCustomizer@351584c0, org.springframework.boot.test.autoconfigure.properties.PropertyMappingContextCustomizer@d158b0f5, org.springframework.boot.test.autoconfigure.web.servlet.WebDriverContextCustomizerFactory$Customizer@180e6ac4, [ImportsContextCustomizer@3f05744b key = [io.spring.infrastructure.repository.MyBatisUserRepository, org.springframework.boot.test.autoconfigure.jdbc.TestDatabaseAutoConfiguration, org.springframework.boot.autoconfigure.jdbc.DataSourceAutoConfiguration, org.springframework.boot.autoconfigure.cache.CacheAutoConfiguration, org.springframework.boot.autoconfigure.flyway.FlywayAutoConfiguration, org.springframework.boot.autoconfigure.jdbc.DataSourceTransactionManagerAutoConfiguration, org.springframework.boot.autoconfigure.jdbc.JdbcTemplateAutoConfiguration, org.springframework.boot.autoconfigure.liquibase.LiquibaseAutoConfiguration, org.springframework.boot.autoconfigure.transaction.TransactionAutoConfiguration, org.springframework.boot.autoconfigure.sql.init.SqlInitializationAutoConfiguration, org.mybatis.spring.boot.autoconfigure.MybatisLanguageDriverAutoConfiguration, org.mybatis.spring.boot.autoconfigure.MybatisAutoConfiguration]], org.springframework.boot.test.context.filter.ExcludeFilterContextCustomizer@2a39fe6a, org.springframework.boot.test.json.DuplicateJsonObjectContextCustomizerFactory$DuplicateJsonObjectContextCustomizer@d5ae57e, org.springframework.boot.test.mock.mockito.MockitoContextCustomizer@0, org.springframework.boot.test.context.SpringBootTestArgs@1, org.springframework.boot.test.context.SpringBootTestWebEnvironment@0], contextLoader = 'org.springframework.boot.test.context.SpringBootContextLoader', parent = [null]], attributes = map['org.springframework.test.context.event.ApplicationEventsTestExecutionListener.recordApplicationEvents' -> false]]; transaction manager [org.springframework.jdbc.support.JdbcTransactionManager@5a365e06]; rollback [true]
2025-01-19 23:46:07.485 DEBUG 51142 --- [    Test worker] i.s.i.m.mapper.UserMapper.findById       : ==>  Preparing: select id, username, email, password, bio, image from users where id = ?
2025-01-19 23:46:07.486 DEBUG 51142 --- [    Test worker] i.s.i.m.mapper.UserMapper.findById       : ==> Parameters: bce95606-6ae3-4d14-8f3c-26d3e70985d3(String)
2025-01-19 23:46:07.486 DEBUG 51142 --- [    Test worker] i.s.i.mybatis.mapper.UserMapper.insert   : ==>  Preparing: insert into users (id, username, email, password, bio, image) values( ?, ?, ?, ?, ?, ? )
2025-01-19 23:46:07.486 DEBUG 51142 --- [    Test worker] i.s.i.mybatis.mapper.UserMapper.insert   : ==> Parameters: bce95606-6ae3-4d14-8f3c-26d3e70985d3(String), other(String), other@example.com(String), 123(String), (String), (String)
2025-01-19 23:46:07.486 DEBUG 51142 --- [    Test worker] i.s.i.mybatis.mapper.UserMapper.insert   : <==    Updates: 1
2025-01-19 23:46:07.486 DEBUG 51142 --- [    Test worker] i.s.i.m.mapper.UserMapper.findRelation   : ==>  Preparing: SELECT F.user_id followUserId, F.follow_id followTargetId from follows F where F.user_id = ? and F.follow_id = ?
2025-01-19 23:46:07.486 DEBUG 51142 --- [    Test worker] i.s.i.m.mapper.UserMapper.findRelation   : ==> Parameters: 0cd8d3df-13c7-489f-b65a-649b3bf61990(String), bce95606-6ae3-4d14-8f3c-26d3e70985d3(String)
2025-01-19 23:46:07.486 DEBUG 51142 --- [    Test worker] i.s.i.m.mapper.UserMapper.saveRelation   : ==>  Preparing: insert into follows(user_id, follow_id) values (?, ?)
2025-01-19 23:46:07.486 DEBUG 51142 --- [    Test worker] i.s.i.m.mapper.UserMapper.saveRelation   : ==> Parameters: 0cd8d3df-13c7-489f-b65a-649b3bf61990(String), bce95606-6ae3-4d14-8f3c-26d3e70985d3(String)
2025-01-19 23:46:07.486 DEBUG 51142 --- [    Test worker] i.s.i.m.mapper.UserMapper.saveRelation   : <==    Updates: 1
2025-01-19 23:46:07.486 DEBUG 51142 --- [    Test worker] i.s.i.m.mapper.UserMapper.findRelation   : ==>  Preparing: SELECT F.user_id followUserId, F.follow_id followTargetId from follows F where F.user_id = ? and F.follow_id = ?
2025-01-19 23:46:07.486 DEBUG 51142 --- [    Test worker] i.s.i.m.mapper.UserMapper.findRelation   : ==> Parameters: 0cd8d3df-13c7-489f-b65a-649b3bf61990(String), bce95606-6ae3-4d14-8f3c-26d3e70985d3(String)
2025-01-19 23:46:07.487 DEBUG 51142 --- [    Test worker] i.s.i.m.mapper.UserMapper.findRelation   : <==      Total: 1
2025-01-19 23:46:07.488  INFO 51142 --- [    Test worker] o.s.t.c.transaction.TransactionContext   : Rolled back transaction for test: [DefaultTestContext@30cdb46 testClass = MyBatisUserRepositoryTest, testInstance = io.spring.infrastructure.user.MyBatisUserRepositoryTest@696dea11, testMethod = should_create_new_user_follow_success@MyBatisUserRepositoryTest, testException = [null], mergedContextConfiguration = [MergedContextConfiguration@15f0d6c7 testClass = MyBatisUserRepositoryTest, locations = '{}', classes = '{class io.spring.RealWorldApplication}', contextInitializerClasses = '[]', activeProfiles = '{test}', propertySourceLocations = '{}', propertySourceProperties = '{org.mybatis.spring.boot.test.autoconfigure.MybatisTestContextBootstrapper=true}', contextCustomizers = set[org.springframework.boot.test.autoconfigure.OverrideAutoConfigurationContextCustomizerFactory$DisableAutoConfigurationContextCustomizer@1ed0128b, org.springframework.boot.test.autoconfigure.actuate.metrics.MetricsExportContextCustomizerFactory$DisableMetricExportContextCustomizer@62e70ea3, org.springframework.boot.test.autoconfigure.filter.TypeExcludeFiltersContextCustomizer@351584c0, org.springframework.boot.test.autoconfigure.properties.PropertyMappingContextCustomizer@d158b0f5, org.springframework.boot.test.autoconfigure.web.servlet.WebDriverContextCustomizerFactory$Customizer@180e6ac4, [ImportsContextCustomizer@3f05744b key = [io.spring.infrastructure.repository.MyBatisUserRepository, org.springframework.boot.test.autoconfigure.jdbc.TestDatabaseAutoConfiguration, org.springframework.boot.autoconfigure.jdbc.DataSourceAutoConfiguration, org.springframework.boot.autoconfigure.cache.CacheAutoConfiguration, org.springframework.boot.autoconfigure.flyway.FlywayAutoConfiguration, org.springframework.boot.autoconfigure.jdbc.DataSourceTransactionManagerAutoConfiguration, org.springframework.boot.autoconfigure.jdbc.JdbcTemplateAutoConfiguration, org.springframework.boot.autoconfigure.liquibase.LiquibaseAutoConfiguration, org.springframework.boot.autoconfigure.transaction.TransactionAutoConfiguration, org.springframework.boot.autoconfigure.sql.init.SqlInitializationAutoConfiguration, org.mybatis.spring.boot.autoconfigure.MybatisLanguageDriverAutoConfiguration, org.mybatis.spring.boot.autoconfigure.MybatisAutoConfiguration]], org.springframework.boot.test.context.filter.ExcludeFilterContextCustomizer@2a39fe6a, org.springframework.boot.test.json.DuplicateJsonObjectContextCustomizerFactory$DuplicateJsonObjectContextCustomizer@d5ae57e, org.springframework.boot.test.mock.mockito.MockitoContextCustomizer@0, org.springframework.boot.test.context.SpringBootTestArgs@1, org.springframework.boot.test.context.SpringBootTestWebEnvironment@0], contextLoader = 'org.springframework.boot.test.context.SpringBootContextLoader', parent = [null]], attributes = map['org.springframework.test.context.event.ApplicationEventsTestExecutionListener.recordApplicationEvents' -> false]]
2025-01-19 23:46:07.489  INFO 51142 --- [    Test worker] o.s.t.c.transaction.TransactionContext   : Began transaction (1) for test context [DefaultTestContext@30cdb46 testClass = MyBatisUserRepositoryTest, testInstance = io.spring.infrastructure.user.MyBatisUserRepositoryTest@4c8bbc6d, testMethod = should_save_and_fetch_user_success@MyBatisUserRepositoryTest, testException = [null], mergedContextConfiguration = [MergedContextConfiguration@15f0d6c7 testClass = MyBatisUserRepositoryTest, locations = '{}', classes = '{class io.spring.RealWorldApplication}', contextInitializerClasses = '[]', activeProfiles = '{test}', propertySourceLocations = '{}', propertySourceProperties = '{org.mybatis.spring.boot.test.autoconfigure.MybatisTestContextBootstrapper=true}', contextCustomizers = set[org.springframework.boot.test.autoconfigure.OverrideAutoConfigurationContextCustomizerFactory$DisableAutoConfigurationContextCustomizer@1ed0128b, org.springframework.boot.test.autoconfigure.actuate.metrics.MetricsExportContextCustomizerFactory$DisableMetricExportContextCustomizer@62e70ea3, org.springframework.boot.test.autoconfigure.filter.TypeExcludeFiltersContextCustomizer@351584c0, org.springframework.boot.test.autoconfigure.properties.PropertyMappingContextCustomizer@d158b0f5, org.springframework.boot.test.autoconfigure.web.servlet.WebDriverContextCustomizerFactory$Customizer@180e6ac4, [ImportsContextCustomizer@3f05744b key = [io.spring.infrastructure.repository.MyBatisUserRepository, org.springframework.boot.test.autoconfigure.jdbc.TestDatabaseAutoConfiguration, org.springframework.boot.autoconfigure.jdbc.DataSourceAutoConfiguration, org.springframework.boot.autoconfigure.cache.CacheAutoConfiguration, org.springframework.boot.autoconfigure.flyway.FlywayAutoConfiguration, org.springframework.boot.autoconfigure.jdbc.DataSourceTransactionManagerAutoConfiguration, org.springframework.boot.autoconfigure.jdbc.JdbcTemplateAutoConfiguration, org.springframework.boot.autoconfigure.liquibase.LiquibaseAutoConfiguration, org.springframework.boot.autoconfigure.transaction.TransactionAutoConfiguration, org.springframework.boot.autoconfigure.sql.init.SqlInitializationAutoConfiguration, org.mybatis.spring.boot.autoconfigure.MybatisLanguageDriverAutoConfiguration, org.mybatis.spring.boot.autoconfigure.MybatisAutoConfiguration]], org.springframework.boot.test.context.filter.ExcludeFilterContextCustomizer@2a39fe6a, org.springframework.boot.test.json.DuplicateJsonObjectContextCustomizerFactory$DuplicateJsonObjectContextCustomizer@d5ae57e, org.springframework.boot.test.mock.mockito.MockitoContextCustomizer@0, org.springframework.boot.test.context.SpringBootTestArgs@1, org.springframework.boot.test.context.SpringBootTestWebEnvironment@0], contextLoader = 'org.springframework.boot.test.context.SpringBootContextLoader', parent = [null]], attributes = map['org.springframework.test.context.event.ApplicationEventsTestExecutionListener.recordApplicationEvents' -> false]]; transaction manager [org.springframework.jdbc.support.JdbcTransactionManager@5a365e06]; rollback [true]
2025-01-19 23:46:07.490 DEBUG 51142 --- [    Test worker] i.s.i.m.mapper.UserMapper.findById       : ==>  Preparing: select id, username, email, password, bio, image from users where id = ?
2025-01-19 23:46:07.490 DEBUG 51142 --- [    Test worker] i.s.i.m.mapper.UserMapper.findById       : ==> Parameters: 9a8a9af0-3ef2-49d1-b626-aeff133b1edc(String)
2025-01-19 23:46:07.490 DEBUG 51142 --- [    Test worker] i.s.i.mybatis.mapper.UserMapper.insert   : ==>  Preparing: insert into users (id, username, email, password, bio, image) values( ?, ?, ?, ?, ?, ? )
2025-01-19 23:46:07.490 DEBUG 51142 --- [    Test worker] i.s.i.mybatis.mapper.UserMapper.insert   : ==> Parameters: 9a8a9af0-3ef2-49d1-b626-aeff133b1edc(String), aisensiy(String), aisensiy@163.com(String), 123(String), (String), default(String)
2025-01-19 23:46:07.490 DEBUG 51142 --- [    Test worker] i.s.i.mybatis.mapper.UserMapper.insert   : <==    Updates: 1
2025-01-19 23:46:07.490 DEBUG 51142 --- [    Test worker] i.s.i.m.m.UserMapper.findByUsername      : ==>  Preparing: select * from users where username = ?
2025-01-19 23:46:07.490 DEBUG 51142 --- [    Test worker] i.s.i.m.m.UserMapper.findByUsername      : ==> Parameters: aisensiy(String)
2025-01-19 23:46:07.491 DEBUG 51142 --- [    Test worker] i.s.i.m.m.UserMapper.findByUsername      : <==      Total: 1
2025-01-19 23:46:07.491 DEBUG 51142 --- [    Test worker] i.s.i.m.mapper.UserMapper.findByEmail    : ==>  Preparing: select id, username, email, password, bio, image from users where email = ?
2025-01-19 23:46:07.491 DEBUG 51142 --- [    Test worker] i.s.i.m.mapper.UserMapper.findByEmail    : ==> Parameters: aisensiy@163.com(String)
2025-01-19 23:46:07.491 DEBUG 51142 --- [    Test worker] i.s.i.m.mapper.UserMapper.findByEmail    : <==      Total: 1
2025-01-19 23:46:07.492  INFO 51142 --- [    Test worker] o.s.t.c.transaction.TransactionContext   : Rolled back transaction for test: [DefaultTestContext@30cdb46 testClass = MyBatisUserRepositoryTest, testInstance = io.spring.infrastructure.user.MyBatisUserRepositoryTest@4c8bbc6d, testMethod = should_save_and_fetch_user_success@MyBatisUserRepositoryTest, testException = [null], mergedContextConfiguration = [MergedContextConfiguration@15f0d6c7 testClass = MyBatisUserRepositoryTest, locations = '{}', classes = '{class io.spring.RealWorldApplication}', contextInitializerClasses = '[]', activeProfiles = '{test}', propertySourceLocations = '{}', propertySourceProperties = '{org.mybatis.spring.boot.test.autoconfigure.MybatisTestContextBootstrapper=true}', contextCustomizers = set[org.springframework.boot.test.autoconfigure.OverrideAutoConfigurationContextCustomizerFactory$DisableAutoConfigurationContextCustomizer@1ed0128b, org.springframework.boot.test.autoconfigure.actuate.metrics.MetricsExportContextCustomizerFactory$DisableMetricExportContextCustomizer@62e70ea3, org.springframework.boot.test.autoconfigure.filter.TypeExcludeFiltersContextCustomizer@351584c0, org.springframework.boot.test.autoconfigure.properties.PropertyMappingContextCustomizer@d158b0f5, org.springframework.boot.test.autoconfigure.web.servlet.WebDriverContextCustomizerFactory$Customizer@180e6ac4, [ImportsContextCustomizer@3f05744b key = [io.spring.infrastructure.repository.MyBatisUserRepository, org.springframework.boot.test.autoconfigure.jdbc.TestDatabaseAutoConfiguration, org.springframework.boot.autoconfigure.jdbc.DataSourceAutoConfiguration, org.springframework.boot.autoconfigure.cache.CacheAutoConfiguration, org.springframework.boot.autoconfigure.flyway.FlywayAutoConfiguration, org.springframework.boot.autoconfigure.jdbc.DataSourceTransactionManagerAutoConfiguration, org.springframework.boot.autoconfigure.jdbc.JdbcTemplateAutoConfiguration, org.springframework.boot.autoconfigure.liquibase.LiquibaseAutoConfiguration, org.springframework.boot.autoconfigure.transaction.TransactionAutoConfiguration, org.springframework.boot.autoconfigure.sql.init.SqlInitializationAutoConfiguration, org.mybatis.spring.boot.autoconfigure.MybatisLanguageDriverAutoConfiguration, org.mybatis.spring.boot.autoconfigure.MybatisAutoConfiguration]], org.springframework.boot.test.context.filter.ExcludeFilterContextCustomizer@2a39fe6a, org.springframework.boot.test.json.DuplicateJsonObjectContextCustomizerFactory$DuplicateJsonObjectContextCustomizer@d5ae57e, org.springframework.boot.test.mock.mockito.MockitoContextCustomizer@0, org.springframework.boot.test.context.SpringBootTestArgs@1, org.springframework.boot.test.context.SpringBootTestWebEnvironment@0], contextLoader = 'org.springframework.boot.test.context.SpringBootContextLoader', parent = [null]], attributes = map['org.springframework.test.context.event.ApplicationEventsTestExecutionListener.recordApplicationEvents' -> false]]
2025-01-19 23:46:07.493  INFO 51142 --- [    Test worker] o.s.t.c.transaction.TransactionContext   : Began transaction (1) for test context [DefaultTestContext@30cdb46 testClass = MyBatisUserRepositoryTest, testInstance = io.spring.infrastructure.user.MyBatisUserRepositoryTest@2419f457, testMethod = should_unfollow_user_success@MyBatisUserRepositoryTest, testException = [null], mergedContextConfiguration = [MergedContextConfiguration@15f0d6c7 testClass = MyBatisUserRepositoryTest, locations = '{}', classes = '{class io.spring.RealWorldApplication}', contextInitializerClasses = '[]', activeProfiles = '{test}', propertySourceLocations = '{}', propertySourceProperties = '{org.mybatis.spring.boot.test.autoconfigure.MybatisTestContextBootstrapper=true}', contextCustomizers = set[org.springframework.boot.test.autoconfigure.OverrideAutoConfigurationContextCustomizerFactory$DisableAutoConfigurationContextCustomizer@1ed0128b, org.springframework.boot.test.autoconfigure.actuate.metrics.MetricsExportContextCustomizerFactory$DisableMetricExportContextCustomizer@62e70ea3, org.springframework.boot.test.autoconfigure.filter.TypeExcludeFiltersContextCustomizer@351584c0, org.springframework.boot.test.autoconfigure.properties.PropertyMappingContextCustomizer@d158b0f5, org.springframework.boot.test.autoconfigure.web.servlet.WebDriverContextCustomizerFactory$Customizer@180e6ac4, [ImportsContextCustomizer@3f05744b key = [io.spring.infrastructure.repository.MyBatisUserRepository, org.springframework.boot.test.autoconfigure.jdbc.TestDatabaseAutoConfiguration, org.springframework.boot.autoconfigure.jdbc.DataSourceAutoConfiguration, org.springframework.boot.autoconfigure.cache.CacheAutoConfiguration, org.springframework.boot.autoconfigure.flyway.FlywayAutoConfiguration, org.springframework.boot.autoconfigure.jdbc.DataSourceTransactionManagerAutoConfiguration, org.springframework.boot.autoconfigure.jdbc.JdbcTemplateAutoConfiguration, org.springframework.boot.autoconfigure.liquibase.LiquibaseAutoConfiguration, org.springframework.boot.autoconfigure.transaction.TransactionAutoConfiguration, org.springframework.boot.autoconfigure.sql.init.SqlInitializationAutoConfiguration, org.mybatis.spring.boot.autoconfigure.MybatisLanguageDriverAutoConfiguration, org.mybatis.spring.boot.autoconfigure.MybatisAutoConfiguration]], org.springframework.boot.test.context.filter.ExcludeFilterContextCustomizer@2a39fe6a, org.springframework.boot.test.json.DuplicateJsonObjectContextCustomizerFactory$DuplicateJsonObjectContextCustomizer@d5ae57e, org.springframework.boot.test.mock.mockito.MockitoContextCustomizer@0, org.springframework.boot.test.context.SpringBootTestArgs@1, org.springframework.boot.test.context.SpringBootTestWebEnvironment@0], contextLoader = 'org.springframework.boot.test.context.SpringBootContextLoader', parent = [null]], attributes = map['org.springframework.test.context.event.ApplicationEventsTestExecutionListener.recordApplicationEvents' -> false]]; transaction manager [org.springframework.jdbc.support.JdbcTransactionManager@5a365e06]; rollback [true]
2025-01-19 23:46:07.494 DEBUG 51142 --- [    Test worker] i.s.i.m.mapper.UserMapper.findById       : ==>  Preparing: select id, username, email, password, bio, image from users where id = ?
2025-01-19 23:46:07.494 DEBUG 51142 --- [    Test worker] i.s.i.m.mapper.UserMapper.findById       : ==> Parameters: cf71d22c-fc5d-42c2-8d2b-2032c53a7137(String)
2025-01-19 23:46:07.494 DEBUG 51142 --- [    Test worker] i.s.i.mybatis.mapper.UserMapper.insert   : ==>  Preparing: insert into users (id, username, email, password, bio, image) values( ?, ?, ?, ?, ?, ? )
2025-01-19 23:46:07.494 DEBUG 51142 --- [    Test worker] i.s.i.mybatis.mapper.UserMapper.insert   : ==> Parameters: cf71d22c-fc5d-42c2-8d2b-2032c53a7137(String), other(String), other@example.com(String), 123(String), (String), (String)
2025-01-19 23:46:07.494 DEBUG 51142 --- [    Test worker] i.s.i.mybatis.mapper.UserMapper.insert   : <==    Updates: 1
2025-01-19 23:46:07.494 DEBUG 51142 --- [    Test worker] i.s.i.m.mapper.UserMapper.findRelation   : ==>  Preparing: SELECT F.user_id followUserId, F.follow_id followTargetId from follows F where F.user_id = ? and F.follow_id = ?
2025-01-19 23:46:07.494 DEBUG 51142 --- [    Test worker] i.s.i.m.mapper.UserMapper.findRelation   : ==> Parameters: 37474435-148c-4605-b164-e3ae1d328958(String), cf71d22c-fc5d-42c2-8d2b-2032c53a7137(String)
2025-01-19 23:46:07.494 DEBUG 51142 --- [    Test worker] i.s.i.m.mapper.UserMapper.saveRelation   : ==>  Preparing: insert into follows(user_id, follow_id) values (?, ?)
2025-01-19 23:46:07.494 DEBUG 51142 --- [    Test worker] i.s.i.m.mapper.UserMapper.saveRelation   : ==> Parameters: 37474435-148c-4605-b164-e3ae1d328958(String), cf71d22c-fc5d-42c2-8d2b-2032c53a7137(String)
2025-01-19 23:46:07.494 DEBUG 51142 --- [    Test worker] i.s.i.m.mapper.UserMapper.saveRelation   : <==    Updates: 1
2025-01-19 23:46:07.495 DEBUG 51142 --- [    Test worker] i.s.i.m.m.UserMapper.deleteRelation      : ==>  Preparing: delete from follows where user_id = ? and follow_id = ?
2025-01-19 23:46:07.495 DEBUG 51142 --- [    Test worker] i.s.i.m.m.UserMapper.deleteRelation      : ==> Parameters: 37474435-148c-4605-b164-e3ae1d328958(String), cf71d22c-fc5d-42c2-8d2b-2032c53a7137(String)
2025-01-19 23:46:07.495 DEBUG 51142 --- [    Test worker] i.s.i.m.m.UserMapper.deleteRelation      : <==    Updates: 1
2025-01-19 23:46:07.495 DEBUG 51142 --- [    Test worker] i.s.i.m.mapper.UserMapper.findRelation   : ==>  Preparing: SELECT F.user_id followUserId, F.follow_id followTargetId from follows F where F.user_id = ? and F.follow_id = ?
2025-01-19 23:46:07.495 DEBUG 51142 --- [    Test worker] i.s.i.m.mapper.UserMapper.findRelation   : ==> Parameters: 37474435-148c-4605-b164-e3ae1d328958(String), cf71d22c-fc5d-42c2-8d2b-2032c53a7137(String)
2025-01-19 23:46:07.496  INFO 51142 --- [    Test worker] o.s.t.c.transaction.TransactionContext   : Rolled back transaction for test: [DefaultTestContext@30cdb46 testClass = MyBatisUserRepositoryTest, testInstance = io.spring.infrastructure.user.MyBatisUserRepositoryTest@2419f457, testMethod = should_unfollow_user_success@MyBatisUserRepositoryTest, testException = [null], mergedContextConfiguration = [MergedContextConfiguration@15f0d6c7 testClass = MyBatisUserRepositoryTest, locations = '{}', classes = '{class io.spring.RealWorldApplication}', contextInitializerClasses = '[]', activeProfiles = '{test}', propertySourceLocations = '{}', propertySourceProperties = '{org.mybatis.spring.boot.test.autoconfigure.MybatisTestContextBootstrapper=true}', contextCustomizers = set[org.springframework.boot.test.autoconfigure.OverrideAutoConfigurationContextCustomizerFactory$DisableAutoConfigurationContextCustomizer@1ed0128b, org.springframework.boot.test.autoconfigure.actuate.metrics.MetricsExportContextCustomizerFactory$DisableMetricExportContextCustomizer@62e70ea3, org.springframework.boot.test.autoconfigure.filter.TypeExcludeFiltersContextCustomizer@351584c0, org.springframework.boot.test.autoconfigure.properties.PropertyMappingContextCustomizer@d158b0f5, org.springframework.boot.test.autoconfigure.web.servlet.WebDriverContextCustomizerFactory$Customizer@180e6ac4, [ImportsContextCustomizer@3f05744b key = [io.spring.infrastructure.repository.MyBatisUserRepository, org.springframework.boot.test.autoconfigure.jdbc.TestDatabaseAutoConfiguration, org.springframework.boot.autoconfigure.jdbc.DataSourceAutoConfiguration, org.springframework.boot.autoconfigure.cache.CacheAutoConfiguration, org.springframework.boot.autoconfigure.flyway.FlywayAutoConfiguration, org.springframework.boot.autoconfigure.jdbc.DataSourceTransactionManagerAutoConfiguration, org.springframework.boot.autoconfigure.jdbc.JdbcTemplateAutoConfiguration, org.springframework.boot.autoconfigure.liquibase.LiquibaseAutoConfiguration, org.springframework.boot.autoconfigure.transaction.TransactionAutoConfiguration, org.springframework.boot.autoconfigure.sql.init.SqlInitializationAutoConfiguration, org.mybatis.spring.boot.autoconfigure.MybatisLanguageDriverAutoConfiguration, org.mybatis.spring.boot.autoconfigure.MybatisAutoConfiguration]], org.springframework.boot.test.context.filter.ExcludeFilterContextCustomizer@2a39fe6a, org.springframework.boot.test.json.DuplicateJsonObjectContextCustomizerFactory$DuplicateJsonObjectContextCustomizer@d5ae57e, org.springframework.boot.test.mock.mockito.MockitoContextCustomizer@0, org.springframework.boot.test.context.SpringBootTestArgs@1, org.springframework.boot.test.context.SpringBootTestWebEnvironment@0], contextLoader = 'org.springframework.boot.test.context.SpringBootContextLoader', parent = [null]], attributes = map['org.springframework.test.context.event.ApplicationEventsTestExecutionListener.recordApplicationEvents' -> false]]
]]></system-out>
  <system-err><![CDATA[]]></system-err>
</testsuite>
