<?xml version="1.0" encoding="UTF-8"?>
<testsuite name="io.spring.infrastructure.article.MyBatisArticleRepositoryTest" tests="3" skipped="0" failures="0" errors="0" timestamp="2025-01-19T18:16:06" hostname="Siddharthas-MacBook-Air.local" time="0.021">
  <properties/>
  <testcase name="should_update_and_fetch_article_success()" classname="io.spring.infrastructure.article.MyBatisArticleRepositoryTest" time="0.01"/>
  <testcase name="should_delete_article()" classname="io.spring.infrastructure.article.MyBatisArticleRepositoryTest" time="0.006"/>
  <testcase name="should_create_and_fetch_article_success()" classname="io.spring.infrastructure.article.MyBatisArticleRepositoryTest" time="0.004"/>
  <system-out><![CDATA[2025-01-19 23:46:06.189  INFO 51142 --- [    Test worker] m.s.b.t.a.MybatisTestContextBootstrapper : Neither @ContextConfiguration nor @ContextHierarchy found for test class [io.spring.infrastructure.article.MyBatisArticleRepositoryTest], using SpringBootContextLoader
2025-01-19 23:46:06.190  INFO 51142 --- [    Test worker] o.s.t.c.support.AbstractContextLoader    : Could not detect default resource locations for test class [io.spring.infrastructure.article.MyBatisArticleRepositoryTest]: no resource found for suffixes {-context.xml, Context.groovy}.
2025-01-19 23:46:06.190  INFO 51142 --- [    Test worker] t.c.s.AnnotationConfigContextLoaderUtils : Could not detect default configuration classes for test class [io.spring.infrastructure.article.MyBatisArticleRepositoryTest]: MyBatisArticleRepositoryTest does not declare any static, non-private, non-final, nested classes annotated with @Configuration.
2025-01-19 23:46:06.192  INFO 51142 --- [    Test worker] .b.t.c.SpringBootTestContextBootstrapper : Found @SpringBootConfiguration io.spring.RealWorldApplication for test class io.spring.infrastructure.article.MyBatisArticleRepositoryTest
2025-01-19 23:46:06.193  INFO 51142 --- [    Test worker] m.s.b.t.a.MybatisTestContextBootstrapper : Loaded default TestExecutionListener class names from location [META-INF/spring.factories]: [org.springframework.security.test.context.support.WithSecurityContextTestExecutionListener, org.springframework.security.test.context.support.ReactorContextTestExecutionListener, org.springframework.boot.test.autoconfigure.restdocs.RestDocsTestExecutionListener, org.springframework.boot.test.autoconfigure.web.client.MockRestServiceServerResetTestExecutionListener, org.springframework.boot.test.autoconfigure.web.servlet.MockMvcPrintOnlyOnFailureTestExecutionListener, org.springframework.boot.test.autoconfigure.web.servlet.WebDriverTestExecutionListener, org.springframework.boot.test.autoconfigure.webservices.client.MockWebServiceServerTestExecutionListener, org.springframework.boot.test.mock.mockito.MockitoTestExecutionListener, org.springframework.boot.test.mock.mockito.ResetMocksTestExecutionListener, org.springframework.test.context.web.ServletTestExecutionListener, org.springframework.test.context.support.DirtiesContextBeforeModesTestExecutionListener, org.springframework.test.context.event.ApplicationEventsTestExecutionListener, org.springframework.test.context.support.DependencyInjectionTestExecutionListener, org.springframework.test.context.support.DirtiesContextTestExecutionListener, org.springframework.test.context.transaction.TransactionalTestExecutionListener, org.springframework.test.context.jdbc.SqlScriptsTestExecutionListener, org.springframework.test.context.event.EventPublishingTestExecutionListener]
2025-01-19 23:46:06.193  INFO 51142 --- [    Test worker] m.s.b.t.a.MybatisTestContextBootstrapper : Using TestExecutionListeners: [org.springframework.test.context.web.ServletTestExecutionListener@529503b0, org.springframework.test.context.support.DirtiesContextBeforeModesTestExecutionListener@31f9cb3a, org.springframework.test.context.event.ApplicationEventsTestExecutionListener@12bd68bb, org.springframework.boot.test.mock.mockito.MockitoTestExecutionListener@1756c8aa, org.springframework.boot.test.autoconfigure.SpringBootDependencyInjectionTestExecutionListener@6d24d173, org.springframework.test.context.support.DirtiesContextTestExecutionListener@12fb67f6, org.springframework.test.context.transaction.TransactionalTestExecutionListener@6bfa2da2, org.springframework.test.context.jdbc.SqlScriptsTestExecutionListener@4ac8bbef, org.springframework.security.test.context.support.WithSecurityContextTestExecutionListener@12c448c, org.springframework.test.context.event.EventPublishingTestExecutionListener@48214788, org.springframework.security.test.context.support.ReactorContextTestExecutionListener@728ce413, org.springframework.boot.test.autoconfigure.restdocs.RestDocsTestExecutionListener@7d143e6e, org.springframework.boot.test.autoconfigure.web.client.MockRestServiceServerResetTestExecutionListener@1eff0d64, org.springframework.boot.test.autoconfigure.web.servlet.MockMvcPrintOnlyOnFailureTestExecutionListener@5ca01434, org.springframework.boot.test.autoconfigure.web.servlet.WebDriverTestExecutionListener@4919cfcf, org.springframework.boot.test.autoconfigure.webservices.client.MockWebServiceServerTestExecutionListener@15a26fcc, org.springframework.boot.test.mock.mockito.ResetMocksTestExecutionListener@73d0d431]

  .   ____          _            __ _ _
 /\\ / ___'_ __ _ _(_)_ __  __ _ \ \ \ \
( ( )\___ | '_ | '_| | '_ \/ _` | \ \ \ \
 \\/  ___)| |_)| | | | | || (_| |  ) ) ) )
  '  |____| .__|_| |_|_| |_\__, | / / / /
 =========|_|==============|___/=/_/_/_/
 :: Spring Boot ::                (v2.6.3)

2025-01-19 23:46:06.207  INFO 51142 --- [    Test worker] i.s.i.a.MyBatisArticleRepositoryTest     : Starting MyBatisArticleRepositoryTest using Java 11.0.25 on Siddharthas-MacBook-Air.local with PID 51142 (started by siddhuseelam in /Users/siddhuseelam/spring-boot-realworld-example-app-1)
2025-01-19 23:46:06.208  INFO 51142 --- [    Test worker] i.s.i.a.MyBatisArticleRepositoryTest     : The following profiles are active: test
2025-01-19 23:46:06.444  INFO 51142 --- [    Test worker] com.zaxxer.hikari.HikariDataSource       : HikariPool-7 - Starting...
2025-01-19 23:46:06.444  INFO 51142 --- [    Test worker] com.zaxxer.hikari.HikariDataSource       : HikariPool-7 - Start completed.
2025-01-19 23:46:06.444  INFO 51142 --- [    Test worker] o.f.c.internal.license.VersionPrinter    : Flyway Community Edition 8.0.5 by Redgate
2025-01-19 23:46:06.444  INFO 51142 --- [    Test worker] o.f.c.i.database.base.BaseDatabaseType   : Database: jdbc:sqlite::memory: (SQLite 3.36)
2025-01-19 23:46:06.445  INFO 51142 --- [    Test worker] o.f.core.internal.command.DbValidate     : Successfully validated 1 migration (execution time 00:00.000s)
2025-01-19 23:46:06.445  INFO 51142 --- [    Test worker] o.f.c.i.s.JdbcTableSchemaHistory         : Creating Schema History table "main"."flyway_schema_history" ...
2025-01-19 23:46:06.446  INFO 51142 --- [    Test worker] o.f.core.internal.command.DbMigrate      : Current version of schema "main": << Empty Schema >>
2025-01-19 23:46:06.448  INFO 51142 --- [    Test worker] o.f.core.internal.command.DbMigrate      : Migrating schema "main" to version "1 - create tables"
2025-01-19 23:46:06.449  INFO 51142 --- [    Test worker] o.f.core.internal.command.DbMigrate      : Successfully applied 1 migration to schema "main", now at version v1 (execution time 00:00.003s)
2025-01-19 23:46:06.473  INFO 51142 --- [    Test worker] i.s.i.a.MyBatisArticleRepositoryTest     : Started MyBatisArticleRepositoryTest in 0.278 seconds (JVM running for 17.614)
2025-01-19 23:46:06.476  INFO 51142 --- [    Test worker] o.s.t.c.transaction.TransactionContext   : Began transaction (1) for test context [DefaultTestContext@54cc182a testClass = MyBatisArticleRepositoryTest, testInstance = io.spring.infrastructure.article.MyBatisArticleRepositoryTest@4ea505e2, testMethod = should_update_and_fetch_article_success@MyBatisArticleRepositoryTest, testException = [null], mergedContextConfiguration = [MergedContextConfiguration@33ee3a84 testClass = MyBatisArticleRepositoryTest, locations = '{}', classes = '{class io.spring.RealWorldApplication}', contextInitializerClasses = '[]', activeProfiles = '{test}', propertySourceLocations = '{}', propertySourceProperties = '{org.mybatis.spring.boot.test.autoconfigure.MybatisTestContextBootstrapper=true}', contextCustomizers = set[org.springframework.boot.test.autoconfigure.OverrideAutoConfigurationContextCustomizerFactory$DisableAutoConfigurationContextCustomizer@1ed0128b, org.springframework.boot.test.autoconfigure.actuate.metrics.MetricsExportContextCustomizerFactory$DisableMetricExportContextCustomizer@62e70ea3, org.springframework.boot.test.autoconfigure.filter.TypeExcludeFiltersContextCustomizer@351584c0, org.springframework.boot.test.autoconfigure.properties.PropertyMappingContextCustomizer@d158b0f5, org.springframework.boot.test.autoconfigure.web.servlet.WebDriverContextCustomizerFactory$Customizer@180e6ac4, [ImportsContextCustomizer@55fc61d8 key = [io.spring.infrastructure.repository.MyBatisArticleRepository, io.spring.infrastructure.repository.MyBatisUserRepository, org.springframework.boot.test.autoconfigure.jdbc.TestDatabaseAutoConfiguration, org.springframework.boot.autoconfigure.jdbc.DataSourceAutoConfiguration, org.springframework.boot.autoconfigure.cache.CacheAutoConfiguration, org.springframework.boot.autoconfigure.flyway.FlywayAutoConfiguration, org.springframework.boot.autoconfigure.jdbc.DataSourceTransactionManagerAutoConfiguration, org.springframework.boot.autoconfigure.jdbc.JdbcTemplateAutoConfiguration, org.springframework.boot.autoconfigure.liquibase.LiquibaseAutoConfiguration, org.springframework.boot.autoconfigure.transaction.TransactionAutoConfiguration, org.springframework.boot.autoconfigure.sql.init.SqlInitializationAutoConfiguration, org.mybatis.spring.boot.autoconfigure.MybatisLanguageDriverAutoConfiguration, org.mybatis.spring.boot.autoconfigure.MybatisAutoConfiguration]], org.springframework.boot.test.context.filter.ExcludeFilterContextCustomizer@2a39fe6a, org.springframework.boot.test.json.DuplicateJsonObjectContextCustomizerFactory$DuplicateJsonObjectContextCustomizer@d5ae57e, org.springframework.boot.test.mock.mockito.MockitoContextCustomizer@0, org.springframework.boot.test.context.SpringBootTestArgs@1, org.springframework.boot.test.context.SpringBootTestWebEnvironment@0], contextLoader = 'org.springframework.boot.test.context.SpringBootContextLoader', parent = [null]], attributes = map['org.springframework.test.context.event.ApplicationEventsTestExecutionListener.recordApplicationEvents' -> false]]; transaction manager [org.springframework.jdbc.support.JdbcTransactionManager@61c53e05]; rollback [true]
2025-01-19 23:46:06.477 DEBUG 51142 --- [    Test worker] i.s.i.m.mapper.UserMapper.findById       : ==>  Preparing: select id, username, email, password, bio, image from users where id = ?
2025-01-19 23:46:06.477 DEBUG 51142 --- [    Test worker] i.s.i.m.mapper.UserMapper.findById       : ==> Parameters: 7aa69d2c-3132-46b7-8dfe-6c24191aada9(String)
2025-01-19 23:46:06.478 DEBUG 51142 --- [    Test worker] i.s.i.mybatis.mapper.UserMapper.insert   : ==>  Preparing: insert into users (id, username, email, password, bio, image) values( ?, ?, ?, ?, ?, ? )
2025-01-19 23:46:06.478 DEBUG 51142 --- [    Test worker] i.s.i.mybatis.mapper.UserMapper.insert   : ==> Parameters: 7aa69d2c-3132-46b7-8dfe-6c24191aada9(String), aisensiy(String), aisensiy@gmail.com(String), 123(String), bio(String), default(String)
2025-01-19 23:46:06.478 DEBUG 51142 --- [    Test worker] i.s.i.mybatis.mapper.UserMapper.insert   : <==    Updates: 1
2025-01-19 23:46:06.478 DEBUG 51142 --- [    Test worker] i.s.i.m.mapper.ArticleMapper.findById    : ==>  Preparing: select A.id articleId, A.slug articleSlug, A.title articleTitle, A.description articleDescription, A.body articleBody, A.user_id articleUserId, A.created_at articleCreatedAt, A.updated_at articleUpdatedAt, T.id tagId, T.name tagName from articles A left join article_tags AT on A.id = AT.article_id left join tags T on T.id = AT.tag_id where A.id = ?
2025-01-19 23:46:06.478 DEBUG 51142 --- [    Test worker] i.s.i.m.mapper.ArticleMapper.findById    : ==> Parameters: 56549f93-bee7-4007-82e2-003d920d98ad(String)
2025-01-19 23:46:06.479 DEBUG 51142 --- [    Test worker] i.s.i.m.mapper.ArticleMapper.findTag     : ==>  Preparing: select id, name from tags where name = ?
2025-01-19 23:46:06.479 DEBUG 51142 --- [    Test worker] i.s.i.m.mapper.ArticleMapper.findTag     : ==> Parameters: spring(String)
2025-01-19 23:46:06.479 DEBUG 51142 --- [    Test worker] i.s.i.m.mapper.ArticleMapper.insertTag   : ==>  Preparing: insert into tags (id, name) values (?, ?)
2025-01-19 23:46:06.479 DEBUG 51142 --- [    Test worker] i.s.i.m.mapper.ArticleMapper.insertTag   : ==> Parameters: d43999b7-6c5f-48c3-9de0-43b6da6e8bd5(String), spring(String)
2025-01-19 23:46:06.479 DEBUG 51142 --- [    Test worker] i.s.i.m.mapper.ArticleMapper.insertTag   : <==    Updates: 1
2025-01-19 23:46:06.479 DEBUG 51142 --- [    Test worker] i.s.i.m.m.A.insertArticleTagRelation     : ==>  Preparing: insert into article_tags (article_id, tag_id) values(?, ?)
2025-01-19 23:46:06.479 DEBUG 51142 --- [    Test worker] i.s.i.m.m.A.insertArticleTagRelation     : ==> Parameters: 56549f93-bee7-4007-82e2-003d920d98ad(String), d43999b7-6c5f-48c3-9de0-43b6da6e8bd5(String)
2025-01-19 23:46:06.479 DEBUG 51142 --- [    Test worker] i.s.i.m.m.A.insertArticleTagRelation     : <==    Updates: 1
2025-01-19 23:46:06.479 DEBUG 51142 --- [    Test worker] i.s.i.m.mapper.ArticleMapper.findTag     : ==>  Preparing: select id, name from tags where name = ?
2025-01-19 23:46:06.479 DEBUG 51142 --- [    Test worker] i.s.i.m.mapper.ArticleMapper.findTag     : ==> Parameters: java(String)
2025-01-19 23:46:06.479 DEBUG 51142 --- [    Test worker] i.s.i.m.mapper.ArticleMapper.insertTag   : ==>  Preparing: insert into tags (id, name) values (?, ?)
2025-01-19 23:46:06.479 DEBUG 51142 --- [    Test worker] i.s.i.m.mapper.ArticleMapper.insertTag   : ==> Parameters: f0202915-d4f9-4848-a48e-5597ad9365d3(String), java(String)
2025-01-19 23:46:06.479 DEBUG 51142 --- [    Test worker] i.s.i.m.mapper.ArticleMapper.insertTag   : <==    Updates: 1
2025-01-19 23:46:06.479 DEBUG 51142 --- [    Test worker] i.s.i.m.m.A.insertArticleTagRelation     : ==>  Preparing: insert into article_tags (article_id, tag_id) values(?, ?)
2025-01-19 23:46:06.479 DEBUG 51142 --- [    Test worker] i.s.i.m.m.A.insertArticleTagRelation     : ==> Parameters: 56549f93-bee7-4007-82e2-003d920d98ad(String), f0202915-d4f9-4848-a48e-5597ad9365d3(String)
2025-01-19 23:46:06.479 DEBUG 51142 --- [    Test worker] i.s.i.m.m.A.insertArticleTagRelation     : <==    Updates: 1
2025-01-19 23:46:06.480 DEBUG 51142 --- [    Test worker] i.s.i.m.mapper.ArticleMapper.insert      : ==>  Preparing: insert into articles(id, slug, title, description, body, user_id, created_at, updated_at) values( ?, ?, ?, ?, ?, ?, ?, ?)
2025-01-19 23:46:06.480 DEBUG 51142 --- [    Test worker] i.s.i.m.mapper.ArticleMapper.insert      : ==> Parameters: 56549f93-bee7-4007-82e2-003d920d98ad(String), test(String), test(String), desc(String), body(String), 7aa69d2c-3132-46b7-8dfe-6c24191aada9(String), 2025-01-19 23:46:06.478(Timestamp), 2025-01-19 23:46:06.478(Timestamp)
2025-01-19 23:46:06.480 DEBUG 51142 --- [    Test worker] i.s.i.m.mapper.ArticleMapper.insert      : <==    Updates: 1
2025-01-19 23:46:06.480 DEBUG 51142 --- [    Test worker] i.s.i.m.mapper.ArticleMapper.findById    : ==>  Preparing: select A.id articleId, A.slug articleSlug, A.title articleTitle, A.description articleDescription, A.body articleBody, A.user_id articleUserId, A.created_at articleCreatedAt, A.updated_at articleUpdatedAt, T.id tagId, T.name tagName from articles A left join article_tags AT on A.id = AT.article_id left join tags T on T.id = AT.tag_id where A.id = ?
2025-01-19 23:46:06.480 DEBUG 51142 --- [    Test worker] i.s.i.m.mapper.ArticleMapper.findById    : ==> Parameters: 56549f93-bee7-4007-82e2-003d920d98ad(String)
2025-01-19 23:46:06.481 DEBUG 51142 --- [    Test worker] i.s.i.m.mapper.ArticleMapper.findById    : <==      Total: 2
2025-01-19 23:46:06.481 DEBUG 51142 --- [    Test worker] i.s.i.m.mapper.ArticleMapper.update      : ==>  Preparing: update articles SET title = ?, slug = ?, description = ?, body = ? where id = ?
2025-01-19 23:46:06.482 DEBUG 51142 --- [    Test worker] i.s.i.m.mapper.ArticleMapper.update      : ==> Parameters: new test 2(String), new-test-2(String), desc(String), body(String), 56549f93-bee7-4007-82e2-003d920d98ad(String)
2025-01-19 23:46:06.482 DEBUG 51142 --- [    Test worker] i.s.i.m.mapper.ArticleMapper.update      : <==    Updates: 1
new-test-2
2025-01-19 23:46:06.482 DEBUG 51142 --- [    Test worker] i.s.i.m.mapper.ArticleMapper.findBySlug  : ==>  Preparing: select A.id articleId, A.slug articleSlug, A.title articleTitle, A.description articleDescription, A.body articleBody, A.user_id articleUserId, A.created_at articleCreatedAt, A.updated_at articleUpdatedAt, T.id tagId, T.name tagName from articles A left join article_tags AT on A.id = AT.article_id left join tags T on T.id = AT.tag_id where A.slug = ?
2025-01-19 23:46:06.482 DEBUG 51142 --- [    Test worker] i.s.i.m.mapper.ArticleMapper.findBySlug  : ==> Parameters: new-test-2(String)
2025-01-19 23:46:06.482 DEBUG 51142 --- [    Test worker] i.s.i.m.mapper.ArticleMapper.findBySlug  : <==      Total: 2
2025-01-19 23:46:06.485  INFO 51142 --- [    Test worker] o.s.t.c.transaction.TransactionContext   : Rolled back transaction for test: [DefaultTestContext@54cc182a testClass = MyBatisArticleRepositoryTest, testInstance = io.spring.infrastructure.article.MyBatisArticleRepositoryTest@4ea505e2, testMethod = should_update_and_fetch_article_success@MyBatisArticleRepositoryTest, testException = [null], mergedContextConfiguration = [MergedContextConfiguration@33ee3a84 testClass = MyBatisArticleRepositoryTest, locations = '{}', classes = '{class io.spring.RealWorldApplication}', contextInitializerClasses = '[]', activeProfiles = '{test}', propertySourceLocations = '{}', propertySourceProperties = '{org.mybatis.spring.boot.test.autoconfigure.MybatisTestContextBootstrapper=true}', contextCustomizers = set[org.springframework.boot.test.autoconfigure.OverrideAutoConfigurationContextCustomizerFactory$DisableAutoConfigurationContextCustomizer@1ed0128b, org.springframework.boot.test.autoconfigure.actuate.metrics.MetricsExportContextCustomizerFactory$DisableMetricExportContextCustomizer@62e70ea3, org.springframework.boot.test.autoconfigure.filter.TypeExcludeFiltersContextCustomizer@351584c0, org.springframework.boot.test.autoconfigure.properties.PropertyMappingContextCustomizer@d158b0f5, org.springframework.boot.test.autoconfigure.web.servlet.WebDriverContextCustomizerFactory$Customizer@180e6ac4, [ImportsContextCustomizer@55fc61d8 key = [io.spring.infrastructure.repository.MyBatisArticleRepository, io.spring.infrastructure.repository.MyBatisUserRepository, org.springframework.boot.test.autoconfigure.jdbc.TestDatabaseAutoConfiguration, org.springframework.boot.autoconfigure.jdbc.DataSourceAutoConfiguration, org.springframework.boot.autoconfigure.cache.CacheAutoConfiguration, org.springframework.boot.autoconfigure.flyway.FlywayAutoConfiguration, org.springframework.boot.autoconfigure.jdbc.DataSourceTransactionManagerAutoConfiguration, org.springframework.boot.autoconfigure.jdbc.JdbcTemplateAutoConfiguration, org.springframework.boot.autoconfigure.liquibase.LiquibaseAutoConfiguration, org.springframework.boot.autoconfigure.transaction.TransactionAutoConfiguration, org.springframework.boot.autoconfigure.sql.init.SqlInitializationAutoConfiguration, org.mybatis.spring.boot.autoconfigure.MybatisLanguageDriverAutoConfiguration, org.mybatis.spring.boot.autoconfigure.MybatisAutoConfiguration]], org.springframework.boot.test.context.filter.ExcludeFilterContextCustomizer@2a39fe6a, org.springframework.boot.test.json.DuplicateJsonObjectContextCustomizerFactory$DuplicateJsonObjectContextCustomizer@d5ae57e, org.springframework.boot.test.mock.mockito.MockitoContextCustomizer@0, org.springframework.boot.test.context.SpringBootTestArgs@1, org.springframework.boot.test.context.SpringBootTestWebEnvironment@0], contextLoader = 'org.springframework.boot.test.context.SpringBootContextLoader', parent = [null]], attributes = map['org.springframework.test.context.event.ApplicationEventsTestExecutionListener.recordApplicationEvents' -> false]]
2025-01-19 23:46:06.487  INFO 51142 --- [    Test worker] o.s.t.c.transaction.TransactionContext   : Began transaction (1) for test context [DefaultTestContext@54cc182a testClass = MyBatisArticleRepositoryTest, testInstance = io.spring.infrastructure.article.MyBatisArticleRepositoryTest@65eb16f7, testMethod = should_delete_article@MyBatisArticleRepositoryTest, testException = [null], mergedContextConfiguration = [MergedContextConfiguration@33ee3a84 testClass = MyBatisArticleRepositoryTest, locations = '{}', classes = '{class io.spring.RealWorldApplication}', contextInitializerClasses = '[]', activeProfiles = '{test}', propertySourceLocations = '{}', propertySourceProperties = '{org.mybatis.spring.boot.test.autoconfigure.MybatisTestContextBootstrapper=true}', contextCustomizers = set[org.springframework.boot.test.autoconfigure.OverrideAutoConfigurationContextCustomizerFactory$DisableAutoConfigurationContextCustomizer@1ed0128b, org.springframework.boot.test.autoconfigure.actuate.metrics.MetricsExportContextCustomizerFactory$DisableMetricExportContextCustomizer@62e70ea3, org.springframework.boot.test.autoconfigure.filter.TypeExcludeFiltersContextCustomizer@351584c0, org.springframework.boot.test.autoconfigure.properties.PropertyMappingContextCustomizer@d158b0f5, org.springframework.boot.test.autoconfigure.web.servlet.WebDriverContextCustomizerFactory$Customizer@180e6ac4, [ImportsContextCustomizer@55fc61d8 key = [io.spring.infrastructure.repository.MyBatisArticleRepository, io.spring.infrastructure.repository.MyBatisUserRepository, org.springframework.boot.test.autoconfigure.jdbc.TestDatabaseAutoConfiguration, org.springframework.boot.autoconfigure.jdbc.DataSourceAutoConfiguration, org.springframework.boot.autoconfigure.cache.CacheAutoConfiguration, org.springframework.boot.autoconfigure.flyway.FlywayAutoConfiguration, org.springframework.boot.autoconfigure.jdbc.DataSourceTransactionManagerAutoConfiguration, org.springframework.boot.autoconfigure.jdbc.JdbcTemplateAutoConfiguration, org.springframework.boot.autoconfigure.liquibase.LiquibaseAutoConfiguration, org.springframework.boot.autoconfigure.transaction.TransactionAutoConfiguration, org.springframework.boot.autoconfigure.sql.init.SqlInitializationAutoConfiguration, org.mybatis.spring.boot.autoconfigure.MybatisLanguageDriverAutoConfiguration, org.mybatis.spring.boot.autoconfigure.MybatisAutoConfiguration]], org.springframework.boot.test.context.filter.ExcludeFilterContextCustomizer@2a39fe6a, org.springframework.boot.test.json.DuplicateJsonObjectContextCustomizerFactory$DuplicateJsonObjectContextCustomizer@d5ae57e, org.springframework.boot.test.mock.mockito.MockitoContextCustomizer@0, org.springframework.boot.test.context.SpringBootTestArgs@1, org.springframework.boot.test.context.SpringBootTestWebEnvironment@0], contextLoader = 'org.springframework.boot.test.context.SpringBootContextLoader', parent = [null]], attributes = map['org.springframework.test.context.event.ApplicationEventsTestExecutionListener.recordApplicationEvents' -> false]]; transaction manager [org.springframework.jdbc.support.JdbcTransactionManager@61c53e05]; rollback [true]
2025-01-19 23:46:06.487 DEBUG 51142 --- [    Test worker] i.s.i.m.mapper.UserMapper.findById       : ==>  Preparing: select id, username, email, password, bio, image from users where id = ?
2025-01-19 23:46:06.488 DEBUG 51142 --- [    Test worker] i.s.i.m.mapper.UserMapper.findById       : ==> Parameters: 0673178f-c49f-46d4-80f5-9635fb809163(String)
2025-01-19 23:46:06.488 DEBUG 51142 --- [    Test worker] i.s.i.mybatis.mapper.UserMapper.insert   : ==>  Preparing: insert into users (id, username, email, password, bio, image) values( ?, ?, ?, ?, ?, ? )
2025-01-19 23:46:06.488 DEBUG 51142 --- [    Test worker] i.s.i.mybatis.mapper.UserMapper.insert   : ==> Parameters: 0673178f-c49f-46d4-80f5-9635fb809163(String), aisensiy(String), aisensiy@gmail.com(String), 123(String), bio(String), default(String)
2025-01-19 23:46:06.488 DEBUG 51142 --- [    Test worker] i.s.i.mybatis.mapper.UserMapper.insert   : <==    Updates: 1
2025-01-19 23:46:06.488 DEBUG 51142 --- [    Test worker] i.s.i.m.mapper.ArticleMapper.findById    : ==>  Preparing: select A.id articleId, A.slug articleSlug, A.title articleTitle, A.description articleDescription, A.body articleBody, A.user_id articleUserId, A.created_at articleCreatedAt, A.updated_at articleUpdatedAt, T.id tagId, T.name tagName from articles A left join article_tags AT on A.id = AT.article_id left join tags T on T.id = AT.tag_id where A.id = ?
2025-01-19 23:46:06.488 DEBUG 51142 --- [    Test worker] i.s.i.m.mapper.ArticleMapper.findById    : ==> Parameters: 3d7a1931-30ac-4f8c-b38a-58a9397eb24b(String)
2025-01-19 23:46:06.488 DEBUG 51142 --- [    Test worker] i.s.i.m.mapper.ArticleMapper.findTag     : ==>  Preparing: select id, name from tags where name = ?
2025-01-19 23:46:06.489 DEBUG 51142 --- [    Test worker] i.s.i.m.mapper.ArticleMapper.findTag     : ==> Parameters: spring(String)
2025-01-19 23:46:06.489 DEBUG 51142 --- [    Test worker] i.s.i.m.mapper.ArticleMapper.insertTag   : ==>  Preparing: insert into tags (id, name) values (?, ?)
2025-01-19 23:46:06.489 DEBUG 51142 --- [    Test worker] i.s.i.m.mapper.ArticleMapper.insertTag   : ==> Parameters: 77d3e158-26bf-4fd7-a89e-56d21d08f992(String), spring(String)
2025-01-19 23:46:06.489 DEBUG 51142 --- [    Test worker] i.s.i.m.mapper.ArticleMapper.insertTag   : <==    Updates: 1
2025-01-19 23:46:06.489 DEBUG 51142 --- [    Test worker] i.s.i.m.m.A.insertArticleTagRelation     : ==>  Preparing: insert into article_tags (article_id, tag_id) values(?, ?)
2025-01-19 23:46:06.489 DEBUG 51142 --- [    Test worker] i.s.i.m.m.A.insertArticleTagRelation     : ==> Parameters: 3d7a1931-30ac-4f8c-b38a-58a9397eb24b(String), 77d3e158-26bf-4fd7-a89e-56d21d08f992(String)
2025-01-19 23:46:06.489 DEBUG 51142 --- [    Test worker] i.s.i.m.m.A.insertArticleTagRelation     : <==    Updates: 1
2025-01-19 23:46:06.489 DEBUG 51142 --- [    Test worker] i.s.i.m.mapper.ArticleMapper.findTag     : ==>  Preparing: select id, name from tags where name = ?
2025-01-19 23:46:06.489 DEBUG 51142 --- [    Test worker] i.s.i.m.mapper.ArticleMapper.findTag     : ==> Parameters: java(String)
2025-01-19 23:46:06.490 DEBUG 51142 --- [    Test worker] i.s.i.m.mapper.ArticleMapper.insertTag   : ==>  Preparing: insert into tags (id, name) values (?, ?)
2025-01-19 23:46:06.490 DEBUG 51142 --- [    Test worker] i.s.i.m.mapper.ArticleMapper.insertTag   : ==> Parameters: ab1ebd84-6a8a-4b3b-aacc-1ff4147da750(String), java(String)
2025-01-19 23:46:06.490 DEBUG 51142 --- [    Test worker] i.s.i.m.mapper.ArticleMapper.insertTag   : <==    Updates: 1
2025-01-19 23:46:06.490 DEBUG 51142 --- [    Test worker] i.s.i.m.m.A.insertArticleTagRelation     : ==>  Preparing: insert into article_tags (article_id, tag_id) values(?, ?)
2025-01-19 23:46:06.490 DEBUG 51142 --- [    Test worker] i.s.i.m.m.A.insertArticleTagRelation     : ==> Parameters: 3d7a1931-30ac-4f8c-b38a-58a9397eb24b(String), ab1ebd84-6a8a-4b3b-aacc-1ff4147da750(String)
2025-01-19 23:46:06.490 DEBUG 51142 --- [    Test worker] i.s.i.m.m.A.insertArticleTagRelation     : <==    Updates: 1
2025-01-19 23:46:06.490 DEBUG 51142 --- [    Test worker] i.s.i.m.mapper.ArticleMapper.insert      : ==>  Preparing: insert into articles(id, slug, title, description, body, user_id, created_at, updated_at) values( ?, ?, ?, ?, ?, ?, ?, ?)
2025-01-19 23:46:06.490 DEBUG 51142 --- [    Test worker] i.s.i.m.mapper.ArticleMapper.insert      : ==> Parameters: 3d7a1931-30ac-4f8c-b38a-58a9397eb24b(String), test(String), test(String), desc(String), body(String), 0673178f-c49f-46d4-80f5-9635fb809163(String), 2025-01-19 23:46:06.488(Timestamp), 2025-01-19 23:46:06.488(Timestamp)
2025-01-19 23:46:06.490 DEBUG 51142 --- [    Test worker] i.s.i.m.mapper.ArticleMapper.insert      : <==    Updates: 1
2025-01-19 23:46:06.490 DEBUG 51142 --- [    Test worker] i.s.i.m.mapper.ArticleMapper.delete      : ==>  Preparing: delete from articles where id = ?
2025-01-19 23:46:06.490 DEBUG 51142 --- [    Test worker] i.s.i.m.mapper.ArticleMapper.delete      : ==> Parameters: 3d7a1931-30ac-4f8c-b38a-58a9397eb24b(String)
2025-01-19 23:46:06.490 DEBUG 51142 --- [    Test worker] i.s.i.m.mapper.ArticleMapper.delete      : <==    Updates: 1
2025-01-19 23:46:06.491 DEBUG 51142 --- [    Test worker] i.s.i.m.mapper.ArticleMapper.findById    : ==>  Preparing: select A.id articleId, A.slug articleSlug, A.title articleTitle, A.description articleDescription, A.body articleBody, A.user_id articleUserId, A.created_at articleCreatedAt, A.updated_at articleUpdatedAt, T.id tagId, T.name tagName from articles A left join article_tags AT on A.id = AT.article_id left join tags T on T.id = AT.tag_id where A.id = ?
2025-01-19 23:46:06.491 DEBUG 51142 --- [    Test worker] i.s.i.m.mapper.ArticleMapper.findById    : ==> Parameters: 3d7a1931-30ac-4f8c-b38a-58a9397eb24b(String)
2025-01-19 23:46:06.492  INFO 51142 --- [    Test worker] o.s.t.c.transaction.TransactionContext   : Rolled back transaction for test: [DefaultTestContext@54cc182a testClass = MyBatisArticleRepositoryTest, testInstance = io.spring.infrastructure.article.MyBatisArticleRepositoryTest@65eb16f7, testMethod = should_delete_article@MyBatisArticleRepositoryTest, testException = [null], mergedContextConfiguration = [MergedContextConfiguration@33ee3a84 testClass = MyBatisArticleRepositoryTest, locations = '{}', classes = '{class io.spring.RealWorldApplication}', contextInitializerClasses = '[]', activeProfiles = '{test}', propertySourceLocations = '{}', propertySourceProperties = '{org.mybatis.spring.boot.test.autoconfigure.MybatisTestContextBootstrapper=true}', contextCustomizers = set[org.springframework.boot.test.autoconfigure.OverrideAutoConfigurationContextCustomizerFactory$DisableAutoConfigurationContextCustomizer@1ed0128b, org.springframework.boot.test.autoconfigure.actuate.metrics.MetricsExportContextCustomizerFactory$DisableMetricExportContextCustomizer@62e70ea3, org.springframework.boot.test.autoconfigure.filter.TypeExcludeFiltersContextCustomizer@351584c0, org.springframework.boot.test.autoconfigure.properties.PropertyMappingContextCustomizer@d158b0f5, org.springframework.boot.test.autoconfigure.web.servlet.WebDriverContextCustomizerFactory$Customizer@180e6ac4, [ImportsContextCustomizer@55fc61d8 key = [io.spring.infrastructure.repository.MyBatisArticleRepository, io.spring.infrastructure.repository.MyBatisUserRepository, org.springframework.boot.test.autoconfigure.jdbc.TestDatabaseAutoConfiguration, org.springframework.boot.autoconfigure.jdbc.DataSourceAutoConfiguration, org.springframework.boot.autoconfigure.cache.CacheAutoConfiguration, org.springframework.boot.autoconfigure.flyway.FlywayAutoConfiguration, org.springframework.boot.autoconfigure.jdbc.DataSourceTransactionManagerAutoConfiguration, org.springframework.boot.autoconfigure.jdbc.JdbcTemplateAutoConfiguration, org.springframework.boot.autoconfigure.liquibase.LiquibaseAutoConfiguration, org.springframework.boot.autoconfigure.transaction.TransactionAutoConfiguration, org.springframework.boot.autoconfigure.sql.init.SqlInitializationAutoConfiguration, org.mybatis.spring.boot.autoconfigure.MybatisLanguageDriverAutoConfiguration, org.mybatis.spring.boot.autoconfigure.MybatisAutoConfiguration]], org.springframework.boot.test.context.filter.ExcludeFilterContextCustomizer@2a39fe6a, org.springframework.boot.test.json.DuplicateJsonObjectContextCustomizerFactory$DuplicateJsonObjectContextCustomizer@d5ae57e, org.springframework.boot.test.mock.mockito.MockitoContextCustomizer@0, org.springframework.boot.test.context.SpringBootTestArgs@1, org.springframework.boot.test.context.SpringBootTestWebEnvironment@0], contextLoader = 'org.springframework.boot.test.context.SpringBootContextLoader', parent = [null]], attributes = map['org.springframework.test.context.event.ApplicationEventsTestExecutionListener.recordApplicationEvents' -> false]]
2025-01-19 23:46:06.493  INFO 51142 --- [    Test worker] o.s.t.c.transaction.TransactionContext   : Began transaction (1) for test context [DefaultTestContext@54cc182a testClass = MyBatisArticleRepositoryTest, testInstance = io.spring.infrastructure.article.MyBatisArticleRepositoryTest@7d8e68a4, testMethod = should_create_and_fetch_article_success@MyBatisArticleRepositoryTest, testException = [null], mergedContextConfiguration = [MergedContextConfiguration@33ee3a84 testClass = MyBatisArticleRepositoryTest, locations = '{}', classes = '{class io.spring.RealWorldApplication}', contextInitializerClasses = '[]', activeProfiles = '{test}', propertySourceLocations = '{}', propertySourceProperties = '{org.mybatis.spring.boot.test.autoconfigure.MybatisTestContextBootstrapper=true}', contextCustomizers = set[org.springframework.boot.test.autoconfigure.OverrideAutoConfigurationContextCustomizerFactory$DisableAutoConfigurationContextCustomizer@1ed0128b, org.springframework.boot.test.autoconfigure.actuate.metrics.MetricsExportContextCustomizerFactory$DisableMetricExportContextCustomizer@62e70ea3, org.springframework.boot.test.autoconfigure.filter.TypeExcludeFiltersContextCustomizer@351584c0, org.springframework.boot.test.autoconfigure.properties.PropertyMappingContextCustomizer@d158b0f5, org.springframework.boot.test.autoconfigure.web.servlet.WebDriverContextCustomizerFactory$Customizer@180e6ac4, [ImportsContextCustomizer@55fc61d8 key = [io.spring.infrastructure.repository.MyBatisArticleRepository, io.spring.infrastructure.repository.MyBatisUserRepository, org.springframework.boot.test.autoconfigure.jdbc.TestDatabaseAutoConfiguration, org.springframework.boot.autoconfigure.jdbc.DataSourceAutoConfiguration, org.springframework.boot.autoconfigure.cache.CacheAutoConfiguration, org.springframework.boot.autoconfigure.flyway.FlywayAutoConfiguration, org.springframework.boot.autoconfigure.jdbc.DataSourceTransactionManagerAutoConfiguration, org.springframework.boot.autoconfigure.jdbc.JdbcTemplateAutoConfiguration, org.springframework.boot.autoconfigure.liquibase.LiquibaseAutoConfiguration, org.springframework.boot.autoconfigure.transaction.TransactionAutoConfiguration, org.springframework.boot.autoconfigure.sql.init.SqlInitializationAutoConfiguration, org.mybatis.spring.boot.autoconfigure.MybatisLanguageDriverAutoConfiguration, org.mybatis.spring.boot.autoconfigure.MybatisAutoConfiguration]], org.springframework.boot.test.context.filter.ExcludeFilterContextCustomizer@2a39fe6a, org.springframework.boot.test.json.DuplicateJsonObjectContextCustomizerFactory$DuplicateJsonObjectContextCustomizer@d5ae57e, org.springframework.boot.test.mock.mockito.MockitoContextCustomizer@0, org.springframework.boot.test.context.SpringBootTestArgs@1, org.springframework.boot.test.context.SpringBootTestWebEnvironment@0], contextLoader = 'org.springframework.boot.test.context.SpringBootContextLoader', parent = [null]], attributes = map['org.springframework.test.context.event.ApplicationEventsTestExecutionListener.recordApplicationEvents' -> false]]; transaction manager [org.springframework.jdbc.support.JdbcTransactionManager@61c53e05]; rollback [true]
2025-01-19 23:46:06.493 DEBUG 51142 --- [    Test worker] i.s.i.m.mapper.UserMapper.findById       : ==>  Preparing: select id, username, email, password, bio, image from users where id = ?
2025-01-19 23:46:06.494 DEBUG 51142 --- [    Test worker] i.s.i.m.mapper.UserMapper.findById       : ==> Parameters: 065c142c-9dce-40d7-bbd6-220acc9eacca(String)
2025-01-19 23:46:06.494 DEBUG 51142 --- [    Test worker] i.s.i.mybatis.mapper.UserMapper.insert   : ==>  Preparing: insert into users (id, username, email, password, bio, image) values( ?, ?, ?, ?, ?, ? )
2025-01-19 23:46:06.494 DEBUG 51142 --- [    Test worker] i.s.i.mybatis.mapper.UserMapper.insert   : ==> Parameters: 065c142c-9dce-40d7-bbd6-220acc9eacca(String), aisensiy(String), aisensiy@gmail.com(String), 123(String), bio(String), default(String)
2025-01-19 23:46:06.494 DEBUG 51142 --- [    Test worker] i.s.i.mybatis.mapper.UserMapper.insert   : <==    Updates: 1
2025-01-19 23:46:06.494 DEBUG 51142 --- [    Test worker] i.s.i.m.mapper.ArticleMapper.findById    : ==>  Preparing: select A.id articleId, A.slug articleSlug, A.title articleTitle, A.description articleDescription, A.body articleBody, A.user_id articleUserId, A.created_at articleCreatedAt, A.updated_at articleUpdatedAt, T.id tagId, T.name tagName from articles A left join article_tags AT on A.id = AT.article_id left join tags T on T.id = AT.tag_id where A.id = ?
2025-01-19 23:46:06.494 DEBUG 51142 --- [    Test worker] i.s.i.m.mapper.ArticleMapper.findById    : ==> Parameters: e745c546-c250-4fe3-bf21-19b8e80af06b(String)
2025-01-19 23:46:06.494 DEBUG 51142 --- [    Test worker] i.s.i.m.mapper.ArticleMapper.findTag     : ==>  Preparing: select id, name from tags where name = ?
2025-01-19 23:46:06.494 DEBUG 51142 --- [    Test worker] i.s.i.m.mapper.ArticleMapper.findTag     : ==> Parameters: spring(String)
2025-01-19 23:46:06.494 DEBUG 51142 --- [    Test worker] i.s.i.m.mapper.ArticleMapper.insertTag   : ==>  Preparing: insert into tags (id, name) values (?, ?)
2025-01-19 23:46:06.494 DEBUG 51142 --- [    Test worker] i.s.i.m.mapper.ArticleMapper.insertTag   : ==> Parameters: 90480a3c-9e65-4177-b4c0-a83c564ca4cb(String), spring(String)
2025-01-19 23:46:06.494 DEBUG 51142 --- [    Test worker] i.s.i.m.mapper.ArticleMapper.insertTag   : <==    Updates: 1
2025-01-19 23:46:06.494 DEBUG 51142 --- [    Test worker] i.s.i.m.m.A.insertArticleTagRelation     : ==>  Preparing: insert into article_tags (article_id, tag_id) values(?, ?)
2025-01-19 23:46:06.495 DEBUG 51142 --- [    Test worker] i.s.i.m.m.A.insertArticleTagRelation     : ==> Parameters: e745c546-c250-4fe3-bf21-19b8e80af06b(String), 90480a3c-9e65-4177-b4c0-a83c564ca4cb(String)
2025-01-19 23:46:06.495 DEBUG 51142 --- [    Test worker] i.s.i.m.m.A.insertArticleTagRelation     : <==    Updates: 1
2025-01-19 23:46:06.495 DEBUG 51142 --- [    Test worker] i.s.i.m.mapper.ArticleMapper.findTag     : ==>  Preparing: select id, name from tags where name = ?
2025-01-19 23:46:06.495 DEBUG 51142 --- [    Test worker] i.s.i.m.mapper.ArticleMapper.findTag     : ==> Parameters: java(String)
2025-01-19 23:46:06.495 DEBUG 51142 --- [    Test worker] i.s.i.m.mapper.ArticleMapper.insertTag   : ==>  Preparing: insert into tags (id, name) values (?, ?)
2025-01-19 23:46:06.495 DEBUG 51142 --- [    Test worker] i.s.i.m.mapper.ArticleMapper.insertTag   : ==> Parameters: 167934fd-429e-401f-a47e-d833345fb7a9(String), java(String)
2025-01-19 23:46:06.495 DEBUG 51142 --- [    Test worker] i.s.i.m.mapper.ArticleMapper.insertTag   : <==    Updates: 1
2025-01-19 23:46:06.495 DEBUG 51142 --- [    Test worker] i.s.i.m.m.A.insertArticleTagRelation     : ==>  Preparing: insert into article_tags (article_id, tag_id) values(?, ?)
2025-01-19 23:46:06.495 DEBUG 51142 --- [    Test worker] i.s.i.m.m.A.insertArticleTagRelation     : ==> Parameters: e745c546-c250-4fe3-bf21-19b8e80af06b(String), 167934fd-429e-401f-a47e-d833345fb7a9(String)
2025-01-19 23:46:06.495 DEBUG 51142 --- [    Test worker] i.s.i.m.m.A.insertArticleTagRelation     : <==    Updates: 1
2025-01-19 23:46:06.495 DEBUG 51142 --- [    Test worker] i.s.i.m.mapper.ArticleMapper.insert      : ==>  Preparing: insert into articles(id, slug, title, description, body, user_id, created_at, updated_at) values( ?, ?, ?, ?, ?, ?, ?, ?)
2025-01-19 23:46:06.495 DEBUG 51142 --- [    Test worker] i.s.i.m.mapper.ArticleMapper.insert      : ==> Parameters: e745c546-c250-4fe3-bf21-19b8e80af06b(String), test(String), test(String), desc(String), body(String), 065c142c-9dce-40d7-bbd6-220acc9eacca(String), 2025-01-19 23:46:06.494(Timestamp), 2025-01-19 23:46:06.494(Timestamp)
2025-01-19 23:46:06.495 DEBUG 51142 --- [    Test worker] i.s.i.m.mapper.ArticleMapper.insert      : <==    Updates: 1
2025-01-19 23:46:06.495 DEBUG 51142 --- [    Test worker] i.s.i.m.mapper.ArticleMapper.findById    : ==>  Preparing: select A.id articleId, A.slug articleSlug, A.title articleTitle, A.description articleDescription, A.body articleBody, A.user_id articleUserId, A.created_at articleCreatedAt, A.updated_at articleUpdatedAt, T.id tagId, T.name tagName from articles A left join article_tags AT on A.id = AT.article_id left join tags T on T.id = AT.tag_id where A.id = ?
2025-01-19 23:46:06.495 DEBUG 51142 --- [    Test worker] i.s.i.m.mapper.ArticleMapper.findById    : ==> Parameters: e745c546-c250-4fe3-bf21-19b8e80af06b(String)
2025-01-19 23:46:06.495 DEBUG 51142 --- [    Test worker] i.s.i.m.mapper.ArticleMapper.findById    : <==      Total: 2
2025-01-19 23:46:06.497  INFO 51142 --- [    Test worker] o.s.t.c.transaction.TransactionContext   : Rolled back transaction for test: [DefaultTestContext@54cc182a testClass = MyBatisArticleRepositoryTest, testInstance = io.spring.infrastructure.article.MyBatisArticleRepositoryTest@7d8e68a4, testMethod = should_create_and_fetch_article_success@MyBatisArticleRepositoryTest, testException = [null], mergedContextConfiguration = [MergedContextConfiguration@33ee3a84 testClass = MyBatisArticleRepositoryTest, locations = '{}', classes = '{class io.spring.RealWorldApplication}', contextInitializerClasses = '[]', activeProfiles = '{test}', propertySourceLocations = '{}', propertySourceProperties = '{org.mybatis.spring.boot.test.autoconfigure.MybatisTestContextBootstrapper=true}', contextCustomizers = set[org.springframework.boot.test.autoconfigure.OverrideAutoConfigurationContextCustomizerFactory$DisableAutoConfigurationContextCustomizer@1ed0128b, org.springframework.boot.test.autoconfigure.actuate.metrics.MetricsExportContextCustomizerFactory$DisableMetricExportContextCustomizer@62e70ea3, org.springframework.boot.test.autoconfigure.filter.TypeExcludeFiltersContextCustomizer@351584c0, org.springframework.boot.test.autoconfigure.properties.PropertyMappingContextCustomizer@d158b0f5, org.springframework.boot.test.autoconfigure.web.servlet.WebDriverContextCustomizerFactory$Customizer@180e6ac4, [ImportsContextCustomizer@55fc61d8 key = [io.spring.infrastructure.repository.MyBatisArticleRepository, io.spring.infrastructure.repository.MyBatisUserRepository, org.springframework.boot.test.autoconfigure.jdbc.TestDatabaseAutoConfiguration, org.springframework.boot.autoconfigure.jdbc.DataSourceAutoConfiguration, org.springframework.boot.autoconfigure.cache.CacheAutoConfiguration, org.springframework.boot.autoconfigure.flyway.FlywayAutoConfiguration, org.springframework.boot.autoconfigure.jdbc.DataSourceTransactionManagerAutoConfiguration, org.springframework.boot.autoconfigure.jdbc.JdbcTemplateAutoConfiguration, org.springframework.boot.autoconfigure.liquibase.LiquibaseAutoConfiguration, org.springframework.boot.autoconfigure.transaction.TransactionAutoConfiguration, org.springframework.boot.autoconfigure.sql.init.SqlInitializationAutoConfiguration, org.mybatis.spring.boot.autoconfigure.MybatisLanguageDriverAutoConfiguration, org.mybatis.spring.boot.autoconfigure.MybatisAutoConfiguration]], org.springframework.boot.test.context.filter.ExcludeFilterContextCustomizer@2a39fe6a, org.springframework.boot.test.json.DuplicateJsonObjectContextCustomizerFactory$DuplicateJsonObjectContextCustomizer@d5ae57e, org.springframework.boot.test.mock.mockito.MockitoContextCustomizer@0, org.springframework.boot.test.context.SpringBootTestArgs@1, org.springframework.boot.test.context.SpringBootTestWebEnvironment@0], contextLoader = 'org.springframework.boot.test.context.SpringBootContextLoader', parent = [null]], attributes = map['org.springframework.test.context.event.ApplicationEventsTestExecutionListener.recordApplicationEvents' -> false]]
]]></system-out>
  <system-err><![CDATA[]]></system-err>
</testsuite>
